ARM GAS  C:\Users\ADMINI~1\AppData\Local\Temp\ccOf2E7X.s 			page 1


   1              		.syntax unified
   2              		.cpu cortex-m3
   3              		.fpu softvfp
   4              		.eabi_attribute 20, 1
   5              		.eabi_attribute 21, 1
   6              		.eabi_attribute 23, 3
   7              		.eabi_attribute 24, 1
   8              		.eabi_attribute 25, 1
   9              		.eabi_attribute 26, 1
  10              		.eabi_attribute 30, 1
  11              		.eabi_attribute 34, 1
  12              		.eabi_attribute 18, 4
  13              		.thumb
  14              		.syntax unified
  15              		.file	"main.c"
  16              		.text
  17              	.Ltext0:
  18              		.cfi_sections	.debug_frame
  19              		.section	.text.ReadDataLCD,"ax",%progbits
  20              		.align	2
  21              		.global	ReadDataLCD
  22              		.thumb
  23              		.thumb_func
  24              		.type	ReadDataLCD, %function
  25              	ReadDataLCD:
  26              	.LFB66:
  27              		.file 1 "main.c"
   1:main.c        **** 
   2:main.c        **** #include <project.h>
   3:main.c        **** 
   4:main.c        **** /* Set the write buffer length to be 16 bites or 2 bytes */
   5:main.c        **** #define RD_BUFFER_SIZE        (2u)
   6:main.c        **** 
   7:main.c        **** 
   8:main.c        **** /*******************************************************************************
   9:main.c        **** * Function Name: main
  10:main.c        **** ********************************************************************************
  11:main.c        **** *
  12:main.c        **** * Summary:
  13:main.c        **** *  main function performs following functions:
  14:main.c        **** *   1. Starts all used components.
  15:main.c        **** *   2. Controls sequencing of ADC inputs.
  16:main.c        **** *   3. Reads ADC converted data, puts this in a read buffer to be read by the
  17:main.c        **** *       I2C Master.
  18:main.c        **** *   4. Displays ADC converted data on Character LCD.
  19:main.c        **** *
  20:main.c        **** * Parameters:
  21:main.c        **** *  None.
  22:main.c        **** *
  23:main.c        **** * Return:
  24:main.c        **** *  None.
  25:main.c        **** *
  26:main.c        **** *******************************************************************************/
  27:main.c        **** //#include <reg51.h>
  28:main.c        **** //#include <intrins.h>
  29:main.c        **** //#include <at89x51.h>
  30:main.c        **** 
ARM GAS  C:\Users\ADMINI~1\AppData\Local\Temp\ccOf2E7X.s 			page 2


  31:main.c        **** //sbit LCD_RS=P1^0;//定义引脚
  32:main.c        **** //sbit LCD_RW=P1^1;
  33:main.c        **** //sbit LCD_E=P1^2;
  34:main.c        **** //#define LCD_Data P2
  35:main.c        **** #define Busy    0x80 //用于检测LCD状态字中的Busy标识
  36:main.c        **** #define DELAY_LCD 10
  37:main.c        **** 
  38:main.c        **** 
  39:main.c        **** void WriteDataLCD(unsigned char WDLCD);
  40:main.c        **** void WriteCommandLCD(unsigned char WCLCD,char BuysC);
  41:main.c        **** unsigned char ReadDataLCD(void);
  42:main.c        **** unsigned char ReadStatusLCD(void);
  43:main.c        **** void LCDInit(void);
  44:main.c        **** void DisplayOneChar(unsigned char X, unsigned char Y, unsigned char DData);
  45:main.c        **** void DisplayListChar(unsigned char X, unsigned char Y, unsigned char  DData[]);
  46:main.c        **** void Delay5Ms(void);
  47:main.c        **** void Delay400Ms(void);
  48:main.c        **** 
  49:main.c        **** 
  50:main.c        **** unsigned char  uctech[] = "ABCDEF";
  51:main.c        **** //unsigned char  net[] = "It is Ok";
  52:main.c        **** 
  53:main.c        **** int main(void)
  54:main.c        **** {
  55:main.c        ****     char i=0;
  56:main.c        ****  Delay400Ms(); //启动等待，等LCD讲入工作状态
  57:main.c        ****  LCDInit(); //LCM初始化
  58:main.c        ****  Delay5Ms(); //延时片刻(可不要)
  59:main.c        ****     CyDelay(50);
  60:main.c        **** //for (char i = 0;i<16;i++)
  61:main.c        **** //{
  62:main.c        **** //    CyDelay(5);
  63:main.c        **** //    DisplayOneChar(i, 0, 0x31+i);
  64:main.c        **** //    CyDelay(5);
  65:main.c        **** //    
  66:main.c        **** //}
  67:main.c        **** //for (char i = 0;i<16;i++)
  68:main.c        **** //{
  69:main.c        **** //    DisplayOneChar(i, 1, 0x41+i);
  70:main.c        **** //}
  71:main.c        **** ////DisplayOneChar(0, 1, 0x30);
  72:main.c        **** //DisplayListChar(5,1,uctech);
  73:main.c        ****  while(1)
  74:main.c        **** {
  75:main.c        ****     
  76:main.c        ****     DisplayOneChar(0, 0, 0x31);
  77:main.c        ****     CyDelay(500);
  78:main.c        ****     LenRun_Write(~LenRun_Read());
  79:main.c        **** //    i++;
  80:main.c        **** //    if (i>=16)
  81:main.c        **** //    {
  82:main.c        **** //        i=0;
  83:main.c        **** //    }
  84:main.c        **** 
  85:main.c        **** }
  86:main.c        **** return 1;
  87:main.c        **** //DB_Write(WDLCD);
ARM GAS  C:\Users\ADMINI~1\AppData\Local\Temp\ccOf2E7X.s 			page 3


  88:main.c        **** //DB_Read();
  89:main.c        **** //
  90:main.c        **** //PinRS_Write();
  91:main.c        **** //PinRW_Write();
  92:main.c        **** //PinEn_Write();
  93:main.c        **** }
  94:main.c        **** 
  95:main.c        **** //写数据
  96:main.c        **** void WriteDataLCD(unsigned char WDLCD)
  97:main.c        **** {
  98:main.c        ****  ReadStatusLCD(); //检测忙
  99:main.c        **** 
 100:main.c        ****  DB_Write(WDLCD);
 101:main.c        **** 
 102:main.c        ****  PinRS_Write(1);
 103:main.c        ****  PinRW_Write(0);
 104:main.c        ****  PinEn_Write(0); //若晶振速度太高可以在这后加小的延时
 105:main.c        ****  CyDelay(DELAY_LCD);
 106:main.c        ****  PinEn_Write(0); //延时
 107:main.c        ****  PinEn_Write(1);
 108:main.c        **** }
 109:main.c        **** 
 110:main.c        **** //写指令
 111:main.c        **** void WriteCommandLCD(unsigned char WCLCD,char BuysC) //BuysC为0时忽略忙检测
 112:main.c        **** {
 113:main.c        ****  if (BuysC) ReadStatusLCD(); //根据需要检测忙
 114:main.c        ****  DB_Write(WCLCD);
 115:main.c        ****  PinRS_Write(0);
 116:main.c        ****  PinRW_Write(0); 
 117:main.c        ****  PinEn_Write(0);
 118:main.c        ****  CyDelay(DELAY_LCD);
 119:main.c        ****  PinEn_Write(0);
 120:main.c        ****  PinEn_Write(1); 
 121:main.c        **** }
 122:main.c        **** 
 123:main.c        **** //读数据
 124:main.c        **** unsigned char ReadDataLCD(void)
 125:main.c        **** {
  28              		.loc 1 125 0
  29              		.cfi_startproc
  30              		@ args = 0, pretend = 0, frame = 0
  31              		@ frame_needed = 0, uses_anonymous_args = 0
  32 0000 08B5     		push	{r3, lr}
  33              		.cfi_def_cfa_offset 8
  34              		.cfi_offset 3, -8
  35              		.cfi_offset 14, -4
 126:main.c        ****  PinRS_Write(1); 
  36              		.loc 1 126 0
  37 0002 0120     		movs	r0, #1
  38 0004 FFF7FEFF 		bl	PinRS_Write
  39              	.LVL0:
 127:main.c        ****  PinRW_Write(1);
  40              		.loc 1 127 0
  41 0008 0120     		movs	r0, #1
  42 000a FFF7FEFF 		bl	PinRW_Write
  43              	.LVL1:
 128:main.c        ****  PinEn_Write(0);
ARM GAS  C:\Users\ADMINI~1\AppData\Local\Temp\ccOf2E7X.s 			page 4


  44              		.loc 1 128 0
  45 000e 0020     		movs	r0, #0
  46 0010 FFF7FEFF 		bl	PinEn_Write
  47              	.LVL2:
 129:main.c        ****  PinEn_Write(0);
  48              		.loc 1 129 0
  49 0014 0020     		movs	r0, #0
  50 0016 FFF7FEFF 		bl	PinEn_Write
  51              	.LVL3:
 130:main.c        ****  PinEn_Write(1);
  52              		.loc 1 130 0
  53 001a 0120     		movs	r0, #1
  54 001c FFF7FEFF 		bl	PinEn_Write
  55              	.LVL4:
 131:main.c        ****  return(DB_Read());
  56              		.loc 1 131 0
  57 0020 FFF7FEFF 		bl	DB_Read
  58              	.LVL5:
 132:main.c        **** }
  59              		.loc 1 132 0
  60 0024 08BD     		pop	{r3, pc}
  61              		.cfi_endproc
  62              	.LFE66:
  63              		.size	ReadDataLCD, .-ReadDataLCD
  64 0026 00BF     		.section	.text.ReadStatusLCD,"ax",%progbits
  65              		.align	2
  66              		.global	ReadStatusLCD
  67              		.thumb
  68              		.thumb_func
  69              		.type	ReadStatusLCD, %function
  70              	ReadStatusLCD:
  71              	.LFB67:
 133:main.c        **** 
 134:main.c        **** //读状态
 135:main.c        **** unsigned char ReadStatusLCD(void)
 136:main.c        **** {
  72              		.loc 1 136 0
  73              		.cfi_startproc
  74              		@ args = 0, pretend = 0, frame = 0
  75              		@ frame_needed = 0, uses_anonymous_args = 0
  76 0000 08B5     		push	{r3, lr}
  77              		.cfi_def_cfa_offset 8
  78              		.cfi_offset 3, -8
  79              		.cfi_offset 14, -4
 137:main.c        ****  DB_Write(0xFF); 
  80              		.loc 1 137 0
  81 0002 FF20     		movs	r0, #255
  82 0004 FFF7FEFF 		bl	DB_Write
  83              	.LVL6:
 138:main.c        ****  PinRS_Write(0);
  84              		.loc 1 138 0
  85 0008 0020     		movs	r0, #0
  86 000a FFF7FEFF 		bl	PinRS_Write
  87              	.LVL7:
 139:main.c        ****  PinRW_Write(1);
  88              		.loc 1 139 0
  89 000e 0120     		movs	r0, #1
ARM GAS  C:\Users\ADMINI~1\AppData\Local\Temp\ccOf2E7X.s 			page 5


  90 0010 FFF7FEFF 		bl	PinRW_Write
  91              	.LVL8:
 140:main.c        ****  PinEn_Write(0);
  92              		.loc 1 140 0
  93 0014 0020     		movs	r0, #0
  94 0016 FFF7FEFF 		bl	PinEn_Write
  95              	.LVL9:
 141:main.c        ****  PinEn_Write(0);
  96              		.loc 1 141 0
  97 001a 0020     		movs	r0, #0
  98 001c FFF7FEFF 		bl	PinEn_Write
  99              	.LVL10:
 142:main.c        ****  PinEn_Write(1);
 100              		.loc 1 142 0
 101 0020 0120     		movs	r0, #1
 102 0022 FFF7FEFF 		bl	PinEn_Write
 103              	.LVL11:
 104              	.L4:
 143:main.c        ****  while (DB_Read() & Busy); //检测忙信号
 105              		.loc 1 143 0 discriminator 1
 106 0026 FFF7FEFF 		bl	DB_Read
 107              	.LVL12:
 108 002a 10F0800F 		tst	r0, #128
 109 002e FAD1     		bne	.L4
 144:main.c        ****  return(DB_Read());
 110              		.loc 1 144 0
 111 0030 FFF7FEFF 		bl	DB_Read
 112              	.LVL13:
 145:main.c        **** }
 113              		.loc 1 145 0
 114 0034 08BD     		pop	{r3, pc}
 115              		.cfi_endproc
 116              	.LFE67:
 117              		.size	ReadStatusLCD, .-ReadStatusLCD
 118 0036 00BF     		.section	.text.WriteDataLCD,"ax",%progbits
 119              		.align	2
 120              		.global	WriteDataLCD
 121              		.thumb
 122              		.thumb_func
 123              		.type	WriteDataLCD, %function
 124              	WriteDataLCD:
 125              	.LFB64:
  97:main.c        ****  ReadStatusLCD(); //检测忙
 126              		.loc 1 97 0
 127              		.cfi_startproc
 128              		@ args = 0, pretend = 0, frame = 0
 129              		@ frame_needed = 0, uses_anonymous_args = 0
 130              	.LVL14:
 131 0000 10B5     		push	{r4, lr}
 132              		.cfi_def_cfa_offset 8
 133              		.cfi_offset 4, -8
 134              		.cfi_offset 14, -4
 135 0002 0446     		mov	r4, r0
  98:main.c        **** 
 136              		.loc 1 98 0
 137 0004 FFF7FEFF 		bl	ReadStatusLCD
 138              	.LVL15:
ARM GAS  C:\Users\ADMINI~1\AppData\Local\Temp\ccOf2E7X.s 			page 6


 100:main.c        **** 
 139              		.loc 1 100 0
 140 0008 2046     		mov	r0, r4
 141 000a FFF7FEFF 		bl	DB_Write
 142              	.LVL16:
 102:main.c        ****  PinRW_Write(0);
 143              		.loc 1 102 0
 144 000e 0120     		movs	r0, #1
 145 0010 FFF7FEFF 		bl	PinRS_Write
 146              	.LVL17:
 103:main.c        ****  PinEn_Write(0); //若晶振速度太高可以在这后加小的延时
 147              		.loc 1 103 0
 148 0014 0020     		movs	r0, #0
 149 0016 FFF7FEFF 		bl	PinRW_Write
 150              	.LVL18:
 104:main.c        ****  CyDelay(DELAY_LCD);
 151              		.loc 1 104 0
 152 001a 0020     		movs	r0, #0
 153 001c FFF7FEFF 		bl	PinEn_Write
 154              	.LVL19:
 105:main.c        ****  PinEn_Write(0); //延时
 155              		.loc 1 105 0
 156 0020 0A20     		movs	r0, #10
 157 0022 FFF7FEFF 		bl	CyDelay
 158              	.LVL20:
 106:main.c        ****  PinEn_Write(1);
 159              		.loc 1 106 0
 160 0026 0020     		movs	r0, #0
 161 0028 FFF7FEFF 		bl	PinEn_Write
 162              	.LVL21:
 107:main.c        **** }
 163              		.loc 1 107 0
 164 002c 0120     		movs	r0, #1
 165 002e FFF7FEFF 		bl	PinEn_Write
 166              	.LVL22:
 167 0032 10BD     		pop	{r4, pc}
 168              		.cfi_endproc
 169              	.LFE64:
 170              		.size	WriteDataLCD, .-WriteDataLCD
 171              		.section	.text.WriteCommandLCD,"ax",%progbits
 172              		.align	2
 173              		.global	WriteCommandLCD
 174              		.thumb
 175              		.thumb_func
 176              		.type	WriteCommandLCD, %function
 177              	WriteCommandLCD:
 178              	.LFB65:
 112:main.c        ****  if (BuysC) ReadStatusLCD(); //根据需要检测忙
 179              		.loc 1 112 0
 180              		.cfi_startproc
 181              		@ args = 0, pretend = 0, frame = 0
 182              		@ frame_needed = 0, uses_anonymous_args = 0
 183              	.LVL23:
 184 0000 10B5     		push	{r4, lr}
 185              		.cfi_def_cfa_offset 8
 186              		.cfi_offset 4, -8
 187              		.cfi_offset 14, -4
ARM GAS  C:\Users\ADMINI~1\AppData\Local\Temp\ccOf2E7X.s 			page 7


 188 0002 0446     		mov	r4, r0
 113:main.c        ****  DB_Write(WCLCD);
 189              		.loc 1 113 0
 190 0004 09B1     		cbz	r1, .L9
 113:main.c        ****  DB_Write(WCLCD);
 191              		.loc 1 113 0 is_stmt 0 discriminator 1
 192 0006 FFF7FEFF 		bl	ReadStatusLCD
 193              	.LVL24:
 194              	.L9:
 114:main.c        ****  PinRS_Write(0);
 195              		.loc 1 114 0 is_stmt 1
 196 000a 2046     		mov	r0, r4
 197 000c FFF7FEFF 		bl	DB_Write
 198              	.LVL25:
 115:main.c        ****  PinRW_Write(0); 
 199              		.loc 1 115 0
 200 0010 0020     		movs	r0, #0
 201 0012 FFF7FEFF 		bl	PinRS_Write
 202              	.LVL26:
 116:main.c        ****  PinEn_Write(0);
 203              		.loc 1 116 0
 204 0016 0020     		movs	r0, #0
 205 0018 FFF7FEFF 		bl	PinRW_Write
 206              	.LVL27:
 117:main.c        ****  CyDelay(DELAY_LCD);
 207              		.loc 1 117 0
 208 001c 0020     		movs	r0, #0
 209 001e FFF7FEFF 		bl	PinEn_Write
 210              	.LVL28:
 118:main.c        ****  PinEn_Write(0);
 211              		.loc 1 118 0
 212 0022 0A20     		movs	r0, #10
 213 0024 FFF7FEFF 		bl	CyDelay
 214              	.LVL29:
 119:main.c        ****  PinEn_Write(1); 
 215              		.loc 1 119 0
 216 0028 0020     		movs	r0, #0
 217 002a FFF7FEFF 		bl	PinEn_Write
 218              	.LVL30:
 120:main.c        **** }
 219              		.loc 1 120 0
 220 002e 0120     		movs	r0, #1
 221 0030 FFF7FEFF 		bl	PinEn_Write
 222              	.LVL31:
 223 0034 10BD     		pop	{r4, pc}
 224              		.cfi_endproc
 225              	.LFE65:
 226              		.size	WriteCommandLCD, .-WriteCommandLCD
 227 0036 00BF     		.section	.text.LCDInit,"ax",%progbits
 228              		.align	2
 229              		.global	LCDInit
 230              		.thumb
 231              		.thumb_func
 232              		.type	LCDInit, %function
 233              	LCDInit:
 234              	.LFB68:
 146:main.c        **** 
ARM GAS  C:\Users\ADMINI~1\AppData\Local\Temp\ccOf2E7X.s 			page 8


 147:main.c        **** void LCDInit(void) //LCM初始化
 148:main.c        **** {
 235              		.loc 1 148 0
 236              		.cfi_startproc
 237              		@ args = 0, pretend = 0, frame = 0
 238              		@ frame_needed = 0, uses_anonymous_args = 0
 239 0000 08B5     		push	{r3, lr}
 240              		.cfi_def_cfa_offset 8
 241              		.cfi_offset 3, -8
 242              		.cfi_offset 14, -4
 149:main.c        ****  DB_Write(0x00);
 243              		.loc 1 149 0
 244 0002 0020     		movs	r0, #0
 245 0004 FFF7FEFF 		bl	DB_Write
 246              	.LVL32:
 150:main.c        ****  WriteCommandLCD(0x38,1); //三次显示模式设置，不检测忙信号
 247              		.loc 1 150 0
 248 0008 0121     		movs	r1, #1
 249 000a 3820     		movs	r0, #56
 250 000c FFF7FEFF 		bl	WriteCommandLCD
 251              	.LVL33:
 151:main.c        ****  Delay5Ms(); 
 152:main.c        ****  WriteCommandLCD(0x38,1);
 252              		.loc 1 152 0
 253 0010 0121     		movs	r1, #1
 254 0012 3820     		movs	r0, #56
 255 0014 FFF7FEFF 		bl	WriteCommandLCD
 256              	.LVL34:
 153:main.c        ****  Delay5Ms(); 
 154:main.c        ****  WriteCommandLCD(0x38,1);
 257              		.loc 1 154 0
 258 0018 0121     		movs	r1, #1
 259 001a 3820     		movs	r0, #56
 260 001c FFF7FEFF 		bl	WriteCommandLCD
 261              	.LVL35:
 155:main.c        ****  Delay5Ms(); 
 156:main.c        **** 
 157:main.c        ****  WriteCommandLCD(0x38,1); //显示模式设置,开始要求每次检测忙信号 
 262              		.loc 1 157 0
 263 0020 0121     		movs	r1, #1
 264 0022 3820     		movs	r0, #56
 265 0024 FFF7FEFF 		bl	WriteCommandLCD
 266              	.LVL36:
 158:main.c        ****  WriteCommandLCD(0x08,1); //关闭显示
 267              		.loc 1 158 0
 268 0028 0121     		movs	r1, #1
 269 002a 0820     		movs	r0, #8
 270 002c FFF7FEFF 		bl	WriteCommandLCD
 271              	.LVL37:
 159:main.c        ****  WriteCommandLCD(0x01,1); //显示清屏
 272              		.loc 1 159 0
 273 0030 0121     		movs	r1, #1
 274 0032 0846     		mov	r0, r1
 275 0034 FFF7FEFF 		bl	WriteCommandLCD
 276              	.LVL38:
 160:main.c        ****  WriteCommandLCD(0x06,1); // 显示光标移动设置 
 277              		.loc 1 160 0
ARM GAS  C:\Users\ADMINI~1\AppData\Local\Temp\ccOf2E7X.s 			page 9


 278 0038 0121     		movs	r1, #1
 279 003a 0620     		movs	r0, #6
 280 003c FFF7FEFF 		bl	WriteCommandLCD
 281              	.LVL39:
 161:main.c        ****  WriteCommandLCD(0x0C,1); // 显示开及光标设置
 282              		.loc 1 161 0
 283 0040 0121     		movs	r1, #1
 284 0042 0C20     		movs	r0, #12
 285 0044 FFF7FEFF 		bl	WriteCommandLCD
 286              	.LVL40:
 287 0048 08BD     		pop	{r3, pc}
 288              		.cfi_endproc
 289              	.LFE68:
 290              		.size	LCDInit, .-LCDInit
 291 004a 00BF     		.section	.text.DisplayOneChar,"ax",%progbits
 292              		.align	2
 293              		.global	DisplayOneChar
 294              		.thumb
 295              		.thumb_func
 296              		.type	DisplayOneChar, %function
 297              	DisplayOneChar:
 298              	.LFB69:
 162:main.c        **** }
 163:main.c        **** 
 164:main.c        **** //按指定位置显示一个字符
 165:main.c        **** void DisplayOneChar(unsigned char X, unsigned char Y, unsigned char DData)
 166:main.c        **** {
 299              		.loc 1 166 0
 300              		.cfi_startproc
 301              		@ args = 0, pretend = 0, frame = 0
 302              		@ frame_needed = 0, uses_anonymous_args = 0
 303              	.LVL41:
 304 0000 10B5     		push	{r4, lr}
 305              		.cfi_def_cfa_offset 8
 306              		.cfi_offset 4, -8
 307              		.cfi_offset 14, -4
 308 0002 1446     		mov	r4, r2
 309              	.LVL42:
 167:main.c        ****  Y &= 0x1;
 168:main.c        ****  X &= 0xF; //限制X不能大于15，Y不能大于1
 310              		.loc 1 168 0
 311 0004 00F00F00 		and	r0, r0, #15
 312              	.LVL43:
 169:main.c        ****  if (Y) X |= 0x40; //当要显示第二行时地址码+0x40;
 313              		.loc 1 169 0
 314 0008 11F0010F 		tst	r1, #1
 315 000c 01D0     		beq	.L14
 316              		.loc 1 169 0 is_stmt 0 discriminator 1
 317 000e 40F04000 		orr	r0, r0, #64
 318              	.LVL44:
 319              	.L14:
 170:main.c        ****  X |= 0x80; // 算出指令码
 171:main.c        ****  WriteCommandLCD(X, 1); //这里不检测忙信号，发送地址码
 320              		.loc 1 171 0 is_stmt 1
 321 0012 0121     		movs	r1, #1
 322              	.LVL45:
 323 0014 40F08000 		orr	r0, r0, #128
ARM GAS  C:\Users\ADMINI~1\AppData\Local\Temp\ccOf2E7X.s 			page 10


 324              	.LVL46:
 325 0018 FFF7FEFF 		bl	WriteCommandLCD
 326              	.LVL47:
 172:main.c        ****  Delay5Ms(); 
 173:main.c        ****  WriteDataLCD(DData);
 327              		.loc 1 173 0
 328 001c 2046     		mov	r0, r4
 329 001e FFF7FEFF 		bl	WriteDataLCD
 330              	.LVL48:
 331 0022 10BD     		pop	{r4, pc}
 332              		.cfi_endproc
 333              	.LFE69:
 334              		.size	DisplayOneChar, .-DisplayOneChar
 335              		.section	.text.main,"ax",%progbits
 336              		.align	2
 337              		.global	main
 338              		.thumb
 339              		.thumb_func
 340              		.type	main, %function
 341              	main:
 342              	.LFB63:
  54:main.c        ****     char i=0;
 343              		.loc 1 54 0
 344              		.cfi_startproc
 345              		@ args = 0, pretend = 0, frame = 0
 346              		@ frame_needed = 0, uses_anonymous_args = 0
 347 0000 08B5     		push	{r3, lr}
 348              		.cfi_def_cfa_offset 8
 349              		.cfi_offset 3, -8
 350              		.cfi_offset 14, -4
 351              	.LVL49:
  57:main.c        ****  Delay5Ms(); //延时片刻(可不要)
 352              		.loc 1 57 0
 353 0002 FFF7FEFF 		bl	LCDInit
 354              	.LVL50:
  59:main.c        **** //for (char i = 0;i<16;i++)
 355              		.loc 1 59 0
 356 0006 3220     		movs	r0, #50
 357 0008 FFF7FEFF 		bl	CyDelay
 358              	.LVL51:
 359              	.L17:
  76:main.c        ****     CyDelay(500);
 360              		.loc 1 76 0 discriminator 1
 361 000c 3122     		movs	r2, #49
 362 000e 0021     		movs	r1, #0
 363 0010 0846     		mov	r0, r1
 364 0012 FFF7FEFF 		bl	DisplayOneChar
 365              	.LVL52:
  77:main.c        ****     LenRun_Write(~LenRun_Read());
 366              		.loc 1 77 0 discriminator 1
 367 0016 4FF4FA70 		mov	r0, #500
 368 001a FFF7FEFF 		bl	CyDelay
 369              	.LVL53:
  78:main.c        **** //    i++;
 370              		.loc 1 78 0 discriminator 1
 371 001e FFF7FEFF 		bl	LenRun_Read
 372              	.LVL54:
ARM GAS  C:\Users\ADMINI~1\AppData\Local\Temp\ccOf2E7X.s 			page 11


 373 0022 C043     		mvns	r0, r0
 374 0024 C0B2     		uxtb	r0, r0
 375 0026 FFF7FEFF 		bl	LenRun_Write
 376              	.LVL55:
 377 002a EFE7     		b	.L17
 378              		.cfi_endproc
 379              	.LFE63:
 380              		.size	main, .-main
 381              		.section	.text.DisplayListChar,"ax",%progbits
 382              		.align	2
 383              		.global	DisplayListChar
 384              		.thumb
 385              		.thumb_func
 386              		.type	DisplayListChar, %function
 387              	DisplayListChar:
 388              	.LFB70:
 174:main.c        **** }
 175:main.c        **** 
 176:main.c        **** //按指定位置显示一串字符
 177:main.c        **** void DisplayListChar(unsigned char X, unsigned char Y, unsigned char  DData[])
 178:main.c        **** {
 389              		.loc 1 178 0
 390              		.cfi_startproc
 391              		@ args = 0, pretend = 0, frame = 0
 392              		@ frame_needed = 0, uses_anonymous_args = 0
 393              	.LVL56:
 394 0000 F8B5     		push	{r3, r4, r5, r6, r7, lr}
 395              		.cfi_def_cfa_offset 24
 396              		.cfi_offset 3, -24
 397              		.cfi_offset 4, -20
 398              		.cfi_offset 5, -16
 399              		.cfi_offset 6, -12
 400              		.cfi_offset 7, -8
 401              		.cfi_offset 14, -4
 402 0002 1646     		mov	r6, r2
 403              	.LVL57:
 179:main.c        ****  unsigned char ListLength;
 180:main.c        **** 
 181:main.c        ****   ListLength = 0;
 182:main.c        ****  Y &= 0x1;
 404              		.loc 1 182 0
 405 0004 01F00107 		and	r7, r1, #1
 406              	.LVL58:
 183:main.c        ****  X &= 0xF; //限制X不能大于15，Y不能大于1
 407              		.loc 1 183 0
 408 0008 00F00F05 		and	r5, r0, #15
 409              	.LVL59:
 181:main.c        ****  Y &= 0x1;
 410              		.loc 1 181 0
 411 000c 0024     		movs	r4, #0
 184:main.c        ****  while (DData[ListLength]>=0x20) //若到达字串尾则退出
 412              		.loc 1 184 0
 413 000e 09E0     		b	.L21
 414              	.LVL60:
 415              	.L22:
 185:main.c        ****   {
 186:main.c        ****    if (X <= 0xF) //X坐标应小于0xF
ARM GAS  C:\Users\ADMINI~1\AppData\Local\Temp\ccOf2E7X.s 			page 12


 416              		.loc 1 186 0
 417 0010 0F2D     		cmp	r5, #15
 418 0012 07D8     		bhi	.L21
 187:main.c        ****     {
 188:main.c        ****      DisplayOneChar(X, Y, DData[ListLength]); //显示单个字符
 419              		.loc 1 188 0
 420 0014 3946     		mov	r1, r7
 421 0016 2846     		mov	r0, r5
 422 0018 FFF7FEFF 		bl	DisplayOneChar
 423              	.LVL61:
 189:main.c        ****      ListLength++;
 424              		.loc 1 189 0
 425 001c 0134     		adds	r4, r4, #1
 426              	.LVL62:
 427 001e E4B2     		uxtb	r4, r4
 428              	.LVL63:
 190:main.c        ****      X++;
 429              		.loc 1 190 0
 430 0020 0135     		adds	r5, r5, #1
 431              	.LVL64:
 432 0022 EDB2     		uxtb	r5, r5
 433              	.LVL65:
 434              	.L21:
 184:main.c        ****   {
 435              		.loc 1 184 0
 436 0024 325D     		ldrb	r2, [r6, r4]	@ zero_extendqisi2
 437 0026 1F2A     		cmp	r2, #31
 438 0028 F2D8     		bhi	.L22
 191:main.c        ****     }
 192:main.c        ****   }
 193:main.c        **** }
 439              		.loc 1 193 0
 440 002a F8BD     		pop	{r3, r4, r5, r6, r7, pc}
 441              		.cfi_endproc
 442              	.LFE70:
 443              		.size	DisplayListChar, .-DisplayListChar
 444              		.section	.text.Delay5Ms,"ax",%progbits
 445              		.align	2
 446              		.global	Delay5Ms
 447              		.thumb
 448              		.thumb_func
 449              		.type	Delay5Ms, %function
 450              	Delay5Ms:
 451              	.LFB71:
 194:main.c        **** 
 195:main.c        **** //5ms延时
 196:main.c        **** void Delay5Ms(void)
 197:main.c        **** {
 452              		.loc 1 197 0
 453              		.cfi_startproc
 454              		@ args = 0, pretend = 0, frame = 0
 455              		@ frame_needed = 0, uses_anonymous_args = 0
 456              		@ link register save eliminated.
 457              	.LVL66:
 198:main.c        ****  unsigned int TempCyc = 5552;
 458              		.loc 1 198 0
 459 0000 41F2B053 		movw	r3, #5552
ARM GAS  C:\Users\ADMINI~1\AppData\Local\Temp\ccOf2E7X.s 			page 13


 199:main.c        ****  while(TempCyc--);
 460              		.loc 1 199 0
 461 0004 00E0     		b	.L25
 462              	.LVL67:
 463              	.L26:
 464 0006 1346     		mov	r3, r2
 465              	.LVL68:
 466              	.L25:
 467              		.loc 1 199 0 is_stmt 0 discriminator 1
 468 0008 5A1E     		subs	r2, r3, #1
 469              	.LVL69:
 470 000a 002B     		cmp	r3, #0
 471 000c FBD1     		bne	.L26
 200:main.c        **** }
 472              		.loc 1 200 0 is_stmt 1
 473 000e 7047     		bx	lr
 474              		.cfi_endproc
 475              	.LFE71:
 476              		.size	Delay5Ms, .-Delay5Ms
 477              		.section	.text.Delay400Ms,"ax",%progbits
 478              		.align	2
 479              		.global	Delay400Ms
 480              		.thumb
 481              		.thumb_func
 482              		.type	Delay400Ms, %function
 483              	Delay400Ms:
 484              	.LFB72:
 201:main.c        **** 
 202:main.c        **** //400ms延时
 203:main.c        **** void Delay400Ms(void)
 204:main.c        **** {
 485              		.loc 1 204 0
 486              		.cfi_startproc
 487              		@ args = 0, pretend = 0, frame = 0
 488              		@ frame_needed = 0, uses_anonymous_args = 0
 489              		@ link register save eliminated.
 490              	.LVL70:
 205:main.c        ****  unsigned char TempCycA = 5;
 491              		.loc 1 205 0
 492 0000 0522     		movs	r2, #5
 206:main.c        ****  unsigned int TempCycB;
 207:main.c        ****  while(TempCycA--)
 493              		.loc 1 207 0
 494 0002 07E0     		b	.L28
 495              	.LVL71:
 496              	.L30:
 208:main.c        ****  {
 209:main.c        ****   TempCycB=7269;
 210:main.c        ****   while(TempCycB--);
 497              		.loc 1 210 0
 498 0004 1346     		mov	r3, r2
 499 0006 01E0     		b	.L29
 500              	.LVL72:
 501              	.L31:
 502 0008 41F66543 		movw	r3, #7269
 503              	.L29:
 504              	.LVL73:
ARM GAS  C:\Users\ADMINI~1\AppData\Local\Temp\ccOf2E7X.s 			page 14


 505              		.loc 1 210 0 is_stmt 0 discriminator 1
 506 000c 5A1E     		subs	r2, r3, #1
 507              	.LVL74:
 508 000e 002B     		cmp	r3, #0
 509 0010 F8D1     		bne	.L30
 207:main.c        ****  {
 510              		.loc 1 207 0 is_stmt 1
 511 0012 0A46     		mov	r2, r1
 512              	.LVL75:
 513              	.L28:
 514 0014 531E     		subs	r3, r2, #1
 515 0016 D9B2     		uxtb	r1, r3
 516              	.LVL76:
 517 0018 002A     		cmp	r2, #0
 518 001a F5D1     		bne	.L31
 211:main.c        ****  };
 212:main.c        **** }...
 519              		.loc 1 212 0
 520 001c 7047     		bx	lr
 521              		.cfi_endproc
 522              	.LFE72:
 523              		.size	Delay400Ms, .-Delay400Ms
 524              		.global	uctech
 525 001e 00BF     		.data
 526              		.align	2
 527              		.type	uctech, %object
 528              		.size	uctech, 7
 529              	uctech:
 530 0000 41424344 		.ascii	"ABCDEF\000"
 530      454600
 531              		.text
 532              	.Letext0:
 533              		.file 2 "c:\\program files (x86)\\cypress\\psoc creator\\4.2\\psoc creator\\import\\gnu\\arm\\5.4.
 534              		.file 3 "c:\\program files (x86)\\cypress\\psoc creator\\4.2\\psoc creator\\import\\gnu\\arm\\5.4.
 535              		.file 4 "Generated_Source\\PSoC5/core_cm3.h"
 536              		.file 5 "Generated_Source\\PSoC5/PinRS.h"
 537              		.file 6 "Generated_Source\\PSoC5/PinRW.h"
 538              		.file 7 "Generated_Source\\PSoC5/PinEn.h"
 539              		.file 8 "Generated_Source\\PSoC5/DB.h"
 540              		.file 9 "Generated_Source\\PSoC5/CyLib.h"
 541              		.file 10 "Generated_Source\\PSoC5/LenRun.h"
 542              		.section	.debug_info,"",%progbits
 543              	.Ldebug_info0:
 544 0000 4F060000 		.4byte	0x64f
 545 0004 0400     		.2byte	0x4
 546 0006 00000000 		.4byte	.Ldebug_abbrev0
 547 000a 04       		.byte	0x4
 548 000b 01       		.uleb128 0x1
 549 000c 5A000000 		.4byte	.LASF43
 550 0010 0C       		.byte	0xc
 551 0011 1F020000 		.4byte	.LASF44
 552 0015 C6010000 		.4byte	.LASF45
 553 0019 00000000 		.4byte	.Ldebug_ranges0+0
 554 001d 00000000 		.4byte	0
 555 0021 00000000 		.4byte	.Ldebug_line0
 556 0025 02       		.uleb128 0x2
 557 0026 01       		.byte	0x1
ARM GAS  C:\Users\ADMINI~1\AppData\Local\Temp\ccOf2E7X.s 			page 15


 558 0027 06       		.byte	0x6
 559 0028 95020000 		.4byte	.LASF0
 560 002c 02       		.uleb128 0x2
 561 002d 01       		.byte	0x1
 562 002e 08       		.byte	0x8
 563 002f 4C000000 		.4byte	.LASF1
 564 0033 02       		.uleb128 0x2
 565 0034 02       		.byte	0x2
 566 0035 05       		.byte	0x5
 567 0036 5D020000 		.4byte	.LASF2
 568 003a 02       		.uleb128 0x2
 569 003b 02       		.byte	0x2
 570 003c 07       		.byte	0x7
 571 003d FA000000 		.4byte	.LASF3
 572 0041 03       		.uleb128 0x3
 573 0042 1C000000 		.4byte	.LASF9
 574 0046 02       		.byte	0x2
 575 0047 3F       		.byte	0x3f
 576 0048 4C000000 		.4byte	0x4c
 577 004c 02       		.uleb128 0x2
 578 004d 04       		.byte	0x4
 579 004e 05       		.byte	0x5
 580 004f 75020000 		.4byte	.LASF4
 581 0053 02       		.uleb128 0x2
 582 0054 04       		.byte	0x4
 583 0055 07       		.byte	0x7
 584 0056 E8000000 		.4byte	.LASF5
 585 005a 02       		.uleb128 0x2
 586 005b 08       		.byte	0x8
 587 005c 05       		.byte	0x5
 588 005d 11020000 		.4byte	.LASF6
 589 0061 02       		.uleb128 0x2
 590 0062 08       		.byte	0x8
 591 0063 07       		.byte	0x7
 592 0064 7A010000 		.4byte	.LASF7
 593 0068 04       		.uleb128 0x4
 594 0069 04       		.byte	0x4
 595 006a 05       		.byte	0x5
 596 006b 696E7400 		.ascii	"int\000"
 597 006f 02       		.uleb128 0x2
 598 0070 04       		.byte	0x4
 599 0071 07       		.byte	0x7
 600 0072 62010000 		.4byte	.LASF8
 601 0076 03       		.uleb128 0x3
 602 0077 38000000 		.4byte	.LASF10
 603 007b 03       		.byte	0x3
 604 007c 2C       		.byte	0x2c
 605 007d 41000000 		.4byte	0x41
 606 0081 02       		.uleb128 0x2
 607 0082 04       		.byte	0x4
 608 0083 04       		.byte	0x4
 609 0084 46000000 		.4byte	.LASF11
 610 0088 02       		.uleb128 0x2
 611 0089 08       		.byte	0x8
 612 008a 04       		.byte	0x4
 613 008b 2E010000 		.4byte	.LASF12
 614 008f 02       		.uleb128 0x2
ARM GAS  C:\Users\ADMINI~1\AppData\Local\Temp\ccOf2E7X.s 			page 16


 615 0090 01       		.byte	0x1
 616 0091 08       		.byte	0x8
 617 0092 7E020000 		.4byte	.LASF13
 618 0096 02       		.uleb128 0x2
 619 0097 04       		.byte	0x4
 620 0098 07       		.byte	0x7
 621 0099 08020000 		.4byte	.LASF14
 622 009d 02       		.uleb128 0x2
 623 009e 08       		.byte	0x8
 624 009f 04       		.byte	0x4
 625 00a0 BA010000 		.4byte	.LASF15
 626 00a4 05       		.uleb128 0x5
 627 00a5 04       		.byte	0x4
 628 00a6 2C000000 		.4byte	0x2c
 629 00aa 06       		.uleb128 0x6
 630 00ab 0D010000 		.4byte	.LASF16
 631 00af 01       		.byte	0x1
 632 00b0 7C       		.byte	0x7c
 633 00b1 2C000000 		.4byte	0x2c
 634 00b5 00000000 		.4byte	.LFB66
 635 00b9 26000000 		.4byte	.LFE66-.LFB66
 636 00bd 01       		.uleb128 0x1
 637 00be 9C       		.byte	0x9c
 638 00bf 2C010000 		.4byte	0x12c
 639 00c3 07       		.uleb128 0x7
 640 00c4 08000000 		.4byte	.LVL0
 641 00c8 FA050000 		.4byte	0x5fa
 642 00cc D6000000 		.4byte	0xd6
 643 00d0 08       		.uleb128 0x8
 644 00d1 01       		.uleb128 0x1
 645 00d2 50       		.byte	0x50
 646 00d3 01       		.uleb128 0x1
 647 00d4 31       		.byte	0x31
 648 00d5 00       		.byte	0
 649 00d6 07       		.uleb128 0x7
 650 00d7 0E000000 		.4byte	.LVL1
 651 00db 05060000 		.4byte	0x605
 652 00df E9000000 		.4byte	0xe9
 653 00e3 08       		.uleb128 0x8
 654 00e4 01       		.uleb128 0x1
 655 00e5 50       		.byte	0x50
 656 00e6 01       		.uleb128 0x1
 657 00e7 31       		.byte	0x31
 658 00e8 00       		.byte	0
 659 00e9 07       		.uleb128 0x7
 660 00ea 14000000 		.4byte	.LVL2
 661 00ee 10060000 		.4byte	0x610
 662 00f2 FC000000 		.4byte	0xfc
 663 00f6 08       		.uleb128 0x8
 664 00f7 01       		.uleb128 0x1
 665 00f8 50       		.byte	0x50
 666 00f9 01       		.uleb128 0x1
 667 00fa 30       		.byte	0x30
 668 00fb 00       		.byte	0
 669 00fc 07       		.uleb128 0x7
 670 00fd 1A000000 		.4byte	.LVL3
 671 0101 10060000 		.4byte	0x610
ARM GAS  C:\Users\ADMINI~1\AppData\Local\Temp\ccOf2E7X.s 			page 17


 672 0105 0F010000 		.4byte	0x10f
 673 0109 08       		.uleb128 0x8
 674 010a 01       		.uleb128 0x1
 675 010b 50       		.byte	0x50
 676 010c 01       		.uleb128 0x1
 677 010d 30       		.byte	0x30
 678 010e 00       		.byte	0
 679 010f 07       		.uleb128 0x7
 680 0110 20000000 		.4byte	.LVL4
 681 0114 10060000 		.4byte	0x610
 682 0118 22010000 		.4byte	0x122
 683 011c 08       		.uleb128 0x8
 684 011d 01       		.uleb128 0x1
 685 011e 50       		.byte	0x50
 686 011f 01       		.uleb128 0x1
 687 0120 31       		.byte	0x31
 688 0121 00       		.byte	0
 689 0122 09       		.uleb128 0x9
 690 0123 24000000 		.4byte	.LVL5
 691 0127 1B060000 		.4byte	0x61b
 692 012b 00       		.byte	0
 693 012c 06       		.uleb128 0x6
 694 012d 67020000 		.4byte	.LASF17
 695 0131 01       		.byte	0x1
 696 0132 87       		.byte	0x87
 697 0133 2C000000 		.4byte	0x2c
 698 0137 00000000 		.4byte	.LFB67
 699 013b 36000000 		.4byte	.LFE67-.LFB67
 700 013f 01       		.uleb128 0x1
 701 0140 9C       		.byte	0x9c
 702 0141 CB010000 		.4byte	0x1cb
 703 0145 07       		.uleb128 0x7
 704 0146 08000000 		.4byte	.LVL6
 705 014a 26060000 		.4byte	0x626
 706 014e 59010000 		.4byte	0x159
 707 0152 08       		.uleb128 0x8
 708 0153 01       		.uleb128 0x1
 709 0154 50       		.byte	0x50
 710 0155 02       		.uleb128 0x2
 711 0156 09       		.byte	0x9
 712 0157 FF       		.byte	0xff
 713 0158 00       		.byte	0
 714 0159 07       		.uleb128 0x7
 715 015a 0E000000 		.4byte	.LVL7
 716 015e FA050000 		.4byte	0x5fa
 717 0162 6C010000 		.4byte	0x16c
 718 0166 08       		.uleb128 0x8
 719 0167 01       		.uleb128 0x1
 720 0168 50       		.byte	0x50
 721 0169 01       		.uleb128 0x1
 722 016a 30       		.byte	0x30
 723 016b 00       		.byte	0
 724 016c 07       		.uleb128 0x7
 725 016d 14000000 		.4byte	.LVL8
 726 0171 05060000 		.4byte	0x605
 727 0175 7F010000 		.4byte	0x17f
 728 0179 08       		.uleb128 0x8
ARM GAS  C:\Users\ADMINI~1\AppData\Local\Temp\ccOf2E7X.s 			page 18


 729 017a 01       		.uleb128 0x1
 730 017b 50       		.byte	0x50
 731 017c 01       		.uleb128 0x1
 732 017d 31       		.byte	0x31
 733 017e 00       		.byte	0
 734 017f 07       		.uleb128 0x7
 735 0180 1A000000 		.4byte	.LVL9
 736 0184 10060000 		.4byte	0x610
 737 0188 92010000 		.4byte	0x192
 738 018c 08       		.uleb128 0x8
 739 018d 01       		.uleb128 0x1
 740 018e 50       		.byte	0x50
 741 018f 01       		.uleb128 0x1
 742 0190 30       		.byte	0x30
 743 0191 00       		.byte	0
 744 0192 07       		.uleb128 0x7
 745 0193 20000000 		.4byte	.LVL10
 746 0197 10060000 		.4byte	0x610
 747 019b A5010000 		.4byte	0x1a5
 748 019f 08       		.uleb128 0x8
 749 01a0 01       		.uleb128 0x1
 750 01a1 50       		.byte	0x50
 751 01a2 01       		.uleb128 0x1
 752 01a3 30       		.byte	0x30
 753 01a4 00       		.byte	0
 754 01a5 07       		.uleb128 0x7
 755 01a6 26000000 		.4byte	.LVL11
 756 01aa 10060000 		.4byte	0x610
 757 01ae B8010000 		.4byte	0x1b8
 758 01b2 08       		.uleb128 0x8
 759 01b3 01       		.uleb128 0x1
 760 01b4 50       		.byte	0x50
 761 01b5 01       		.uleb128 0x1
 762 01b6 31       		.byte	0x31
 763 01b7 00       		.byte	0
 764 01b8 09       		.uleb128 0x9
 765 01b9 2A000000 		.4byte	.LVL12
 766 01bd 1B060000 		.4byte	0x61b
 767 01c1 09       		.uleb128 0x9
 768 01c2 34000000 		.4byte	.LVL13
 769 01c6 1B060000 		.4byte	0x61b
 770 01ca 00       		.byte	0
 771 01cb 0A       		.uleb128 0xa
 772 01cc A5010000 		.4byte	.LASF18
 773 01d0 01       		.byte	0x1
 774 01d1 60       		.byte	0x60
 775 01d2 00000000 		.4byte	.LFB64
 776 01d6 34000000 		.4byte	.LFE64-.LFB64
 777 01da 01       		.uleb128 0x1
 778 01db 9C       		.byte	0x9c
 779 01dc 7B020000 		.4byte	0x27b
 780 01e0 0B       		.uleb128 0xb
 781 01e1 47020000 		.4byte	.LASF20
 782 01e5 01       		.byte	0x1
 783 01e6 60       		.byte	0x60
 784 01e7 2C000000 		.4byte	0x2c
 785 01eb 00000000 		.4byte	.LLST0
ARM GAS  C:\Users\ADMINI~1\AppData\Local\Temp\ccOf2E7X.s 			page 19


 786 01ef 09       		.uleb128 0x9
 787 01f0 08000000 		.4byte	.LVL15
 788 01f4 2C010000 		.4byte	0x12c
 789 01f8 07       		.uleb128 0x7
 790 01f9 0E000000 		.4byte	.LVL16
 791 01fd 26060000 		.4byte	0x626
 792 0201 0C020000 		.4byte	0x20c
 793 0205 08       		.uleb128 0x8
 794 0206 01       		.uleb128 0x1
 795 0207 50       		.byte	0x50
 796 0208 02       		.uleb128 0x2
 797 0209 74       		.byte	0x74
 798 020a 00       		.sleb128 0
 799 020b 00       		.byte	0
 800 020c 07       		.uleb128 0x7
 801 020d 14000000 		.4byte	.LVL17
 802 0211 FA050000 		.4byte	0x5fa
 803 0215 1F020000 		.4byte	0x21f
 804 0219 08       		.uleb128 0x8
 805 021a 01       		.uleb128 0x1
 806 021b 50       		.byte	0x50
 807 021c 01       		.uleb128 0x1
 808 021d 31       		.byte	0x31
 809 021e 00       		.byte	0
 810 021f 07       		.uleb128 0x7
 811 0220 1A000000 		.4byte	.LVL18
 812 0224 05060000 		.4byte	0x605
 813 0228 32020000 		.4byte	0x232
 814 022c 08       		.uleb128 0x8
 815 022d 01       		.uleb128 0x1
 816 022e 50       		.byte	0x50
 817 022f 01       		.uleb128 0x1
 818 0230 30       		.byte	0x30
 819 0231 00       		.byte	0
 820 0232 07       		.uleb128 0x7
 821 0233 20000000 		.4byte	.LVL19
 822 0237 10060000 		.4byte	0x610
 823 023b 45020000 		.4byte	0x245
 824 023f 08       		.uleb128 0x8
 825 0240 01       		.uleb128 0x1
 826 0241 50       		.byte	0x50
 827 0242 01       		.uleb128 0x1
 828 0243 30       		.byte	0x30
 829 0244 00       		.byte	0
 830 0245 07       		.uleb128 0x7
 831 0246 26000000 		.4byte	.LVL20
 832 024a 31060000 		.4byte	0x631
 833 024e 58020000 		.4byte	0x258
 834 0252 08       		.uleb128 0x8
 835 0253 01       		.uleb128 0x1
 836 0254 50       		.byte	0x50
 837 0255 01       		.uleb128 0x1
 838 0256 3A       		.byte	0x3a
 839 0257 00       		.byte	0
 840 0258 07       		.uleb128 0x7
 841 0259 2C000000 		.4byte	.LVL21
 842 025d 10060000 		.4byte	0x610
ARM GAS  C:\Users\ADMINI~1\AppData\Local\Temp\ccOf2E7X.s 			page 20


 843 0261 6B020000 		.4byte	0x26b
 844 0265 08       		.uleb128 0x8
 845 0266 01       		.uleb128 0x1
 846 0267 50       		.byte	0x50
 847 0268 01       		.uleb128 0x1
 848 0269 30       		.byte	0x30
 849 026a 00       		.byte	0
 850 026b 0C       		.uleb128 0xc
 851 026c 32000000 		.4byte	.LVL22
 852 0270 10060000 		.4byte	0x610
 853 0274 08       		.uleb128 0x8
 854 0275 01       		.uleb128 0x1
 855 0276 50       		.byte	0x50
 856 0277 01       		.uleb128 0x1
 857 0278 31       		.byte	0x31
 858 0279 00       		.byte	0
 859 027a 00       		.byte	0
 860 027b 0A       		.uleb128 0xa
 861 027c 0C000000 		.4byte	.LASF19
 862 0280 01       		.byte	0x1
 863 0281 6F       		.byte	0x6f
 864 0282 00000000 		.4byte	.LFB65
 865 0286 36000000 		.4byte	.LFE65-.LFB65
 866 028a 01       		.uleb128 0x1
 867 028b 9C       		.byte	0x9c
 868 028c 3A030000 		.4byte	0x33a
 869 0290 0B       		.uleb128 0xb
 870 0291 5C010000 		.4byte	.LASF21
 871 0295 01       		.byte	0x1
 872 0296 6F       		.byte	0x6f
 873 0297 2C000000 		.4byte	0x2c
 874 029b 21000000 		.4byte	.LLST1
 875 029f 0B       		.uleb128 0xb
 876 02a0 40000000 		.4byte	.LASF22
 877 02a4 01       		.byte	0x1
 878 02a5 6F       		.byte	0x6f
 879 02a6 8F000000 		.4byte	0x8f
 880 02aa 42000000 		.4byte	.LLST2
 881 02ae 09       		.uleb128 0x9
 882 02af 0A000000 		.4byte	.LVL24
 883 02b3 2C010000 		.4byte	0x12c
 884 02b7 07       		.uleb128 0x7
 885 02b8 10000000 		.4byte	.LVL25
 886 02bc 26060000 		.4byte	0x626
 887 02c0 CB020000 		.4byte	0x2cb
 888 02c4 08       		.uleb128 0x8
 889 02c5 01       		.uleb128 0x1
 890 02c6 50       		.byte	0x50
 891 02c7 02       		.uleb128 0x2
 892 02c8 74       		.byte	0x74
 893 02c9 00       		.sleb128 0
 894 02ca 00       		.byte	0
 895 02cb 07       		.uleb128 0x7
 896 02cc 16000000 		.4byte	.LVL26
 897 02d0 FA050000 		.4byte	0x5fa
 898 02d4 DE020000 		.4byte	0x2de
 899 02d8 08       		.uleb128 0x8
ARM GAS  C:\Users\ADMINI~1\AppData\Local\Temp\ccOf2E7X.s 			page 21


 900 02d9 01       		.uleb128 0x1
 901 02da 50       		.byte	0x50
 902 02db 01       		.uleb128 0x1
 903 02dc 30       		.byte	0x30
 904 02dd 00       		.byte	0
 905 02de 07       		.uleb128 0x7
 906 02df 1C000000 		.4byte	.LVL27
 907 02e3 05060000 		.4byte	0x605
 908 02e7 F1020000 		.4byte	0x2f1
 909 02eb 08       		.uleb128 0x8
 910 02ec 01       		.uleb128 0x1
 911 02ed 50       		.byte	0x50
 912 02ee 01       		.uleb128 0x1
 913 02ef 30       		.byte	0x30
 914 02f0 00       		.byte	0
 915 02f1 07       		.uleb128 0x7
 916 02f2 22000000 		.4byte	.LVL28
 917 02f6 10060000 		.4byte	0x610
 918 02fa 04030000 		.4byte	0x304
 919 02fe 08       		.uleb128 0x8
 920 02ff 01       		.uleb128 0x1
 921 0300 50       		.byte	0x50
 922 0301 01       		.uleb128 0x1
 923 0302 30       		.byte	0x30
 924 0303 00       		.byte	0
 925 0304 07       		.uleb128 0x7
 926 0305 28000000 		.4byte	.LVL29
 927 0309 31060000 		.4byte	0x631
 928 030d 17030000 		.4byte	0x317
 929 0311 08       		.uleb128 0x8
 930 0312 01       		.uleb128 0x1
 931 0313 50       		.byte	0x50
 932 0314 01       		.uleb128 0x1
 933 0315 3A       		.byte	0x3a
 934 0316 00       		.byte	0
 935 0317 07       		.uleb128 0x7
 936 0318 2E000000 		.4byte	.LVL30
 937 031c 10060000 		.4byte	0x610
 938 0320 2A030000 		.4byte	0x32a
 939 0324 08       		.uleb128 0x8
 940 0325 01       		.uleb128 0x1
 941 0326 50       		.byte	0x50
 942 0327 01       		.uleb128 0x1
 943 0328 30       		.byte	0x30
 944 0329 00       		.byte	0
 945 032a 0C       		.uleb128 0xc
 946 032b 34000000 		.4byte	.LVL31
 947 032f 10060000 		.4byte	0x610
 948 0333 08       		.uleb128 0x8
 949 0334 01       		.uleb128 0x1
 950 0335 50       		.byte	0x50
 951 0336 01       		.uleb128 0x1
 952 0337 31       		.byte	0x31
 953 0338 00       		.byte	0
 954 0339 00       		.byte	0
 955 033a 0A       		.uleb128 0xa
 956 033b 91010000 		.4byte	.LASF23
ARM GAS  C:\Users\ADMINI~1\AppData\Local\Temp\ccOf2E7X.s 			page 22


 957 033f 01       		.byte	0x1
 958 0340 93       		.byte	0x93
 959 0341 00000000 		.4byte	.LFB68
 960 0345 4A000000 		.4byte	.LFE68-.LFB68
 961 0349 01       		.uleb128 0x1
 962 034a 9C       		.byte	0x9c
 963 034b 23040000 		.4byte	0x423
 964 034f 07       		.uleb128 0x7
 965 0350 08000000 		.4byte	.LVL32
 966 0354 26060000 		.4byte	0x626
 967 0358 62030000 		.4byte	0x362
 968 035c 08       		.uleb128 0x8
 969 035d 01       		.uleb128 0x1
 970 035e 50       		.byte	0x50
 971 035f 01       		.uleb128 0x1
 972 0360 30       		.byte	0x30
 973 0361 00       		.byte	0
 974 0362 07       		.uleb128 0x7
 975 0363 10000000 		.4byte	.LVL33
 976 0367 7B020000 		.4byte	0x27b
 977 036b 7B030000 		.4byte	0x37b
 978 036f 08       		.uleb128 0x8
 979 0370 01       		.uleb128 0x1
 980 0371 50       		.byte	0x50
 981 0372 02       		.uleb128 0x2
 982 0373 08       		.byte	0x8
 983 0374 38       		.byte	0x38
 984 0375 08       		.uleb128 0x8
 985 0376 01       		.uleb128 0x1
 986 0377 51       		.byte	0x51
 987 0378 01       		.uleb128 0x1
 988 0379 31       		.byte	0x31
 989 037a 00       		.byte	0
 990 037b 07       		.uleb128 0x7
 991 037c 18000000 		.4byte	.LVL34
 992 0380 7B020000 		.4byte	0x27b
 993 0384 94030000 		.4byte	0x394
 994 0388 08       		.uleb128 0x8
 995 0389 01       		.uleb128 0x1
 996 038a 50       		.byte	0x50
 997 038b 02       		.uleb128 0x2
 998 038c 08       		.byte	0x8
 999 038d 38       		.byte	0x38
 1000 038e 08       		.uleb128 0x8
 1001 038f 01       		.uleb128 0x1
 1002 0390 51       		.byte	0x51
 1003 0391 01       		.uleb128 0x1
 1004 0392 31       		.byte	0x31
 1005 0393 00       		.byte	0
 1006 0394 07       		.uleb128 0x7
 1007 0395 20000000 		.4byte	.LVL35
 1008 0399 7B020000 		.4byte	0x27b
 1009 039d AD030000 		.4byte	0x3ad
 1010 03a1 08       		.uleb128 0x8
 1011 03a2 01       		.uleb128 0x1
 1012 03a3 50       		.byte	0x50
 1013 03a4 02       		.uleb128 0x2
ARM GAS  C:\Users\ADMINI~1\AppData\Local\Temp\ccOf2E7X.s 			page 23


 1014 03a5 08       		.byte	0x8
 1015 03a6 38       		.byte	0x38
 1016 03a7 08       		.uleb128 0x8
 1017 03a8 01       		.uleb128 0x1
 1018 03a9 51       		.byte	0x51
 1019 03aa 01       		.uleb128 0x1
 1020 03ab 31       		.byte	0x31
 1021 03ac 00       		.byte	0
 1022 03ad 07       		.uleb128 0x7
 1023 03ae 28000000 		.4byte	.LVL36
 1024 03b2 7B020000 		.4byte	0x27b
 1025 03b6 C6030000 		.4byte	0x3c6
 1026 03ba 08       		.uleb128 0x8
 1027 03bb 01       		.uleb128 0x1
 1028 03bc 50       		.byte	0x50
 1029 03bd 02       		.uleb128 0x2
 1030 03be 08       		.byte	0x8
 1031 03bf 38       		.byte	0x38
 1032 03c0 08       		.uleb128 0x8
 1033 03c1 01       		.uleb128 0x1
 1034 03c2 51       		.byte	0x51
 1035 03c3 01       		.uleb128 0x1
 1036 03c4 31       		.byte	0x31
 1037 03c5 00       		.byte	0
 1038 03c6 07       		.uleb128 0x7
 1039 03c7 30000000 		.4byte	.LVL37
 1040 03cb 7B020000 		.4byte	0x27b
 1041 03cf DE030000 		.4byte	0x3de
 1042 03d3 08       		.uleb128 0x8
 1043 03d4 01       		.uleb128 0x1
 1044 03d5 50       		.byte	0x50
 1045 03d6 01       		.uleb128 0x1
 1046 03d7 38       		.byte	0x38
 1047 03d8 08       		.uleb128 0x8
 1048 03d9 01       		.uleb128 0x1
 1049 03da 51       		.byte	0x51
 1050 03db 01       		.uleb128 0x1
 1051 03dc 31       		.byte	0x31
 1052 03dd 00       		.byte	0
 1053 03de 07       		.uleb128 0x7
 1054 03df 38000000 		.4byte	.LVL38
 1055 03e3 7B020000 		.4byte	0x27b
 1056 03e7 F6030000 		.4byte	0x3f6
 1057 03eb 08       		.uleb128 0x8
 1058 03ec 01       		.uleb128 0x1
 1059 03ed 50       		.byte	0x50
 1060 03ee 01       		.uleb128 0x1
 1061 03ef 31       		.byte	0x31
 1062 03f0 08       		.uleb128 0x8
 1063 03f1 01       		.uleb128 0x1
 1064 03f2 51       		.byte	0x51
 1065 03f3 01       		.uleb128 0x1
 1066 03f4 31       		.byte	0x31
 1067 03f5 00       		.byte	0
 1068 03f6 07       		.uleb128 0x7
 1069 03f7 40000000 		.4byte	.LVL39
 1070 03fb 7B020000 		.4byte	0x27b
ARM GAS  C:\Users\ADMINI~1\AppData\Local\Temp\ccOf2E7X.s 			page 24


 1071 03ff 0E040000 		.4byte	0x40e
 1072 0403 08       		.uleb128 0x8
 1073 0404 01       		.uleb128 0x1
 1074 0405 50       		.byte	0x50
 1075 0406 01       		.uleb128 0x1
 1076 0407 36       		.byte	0x36
 1077 0408 08       		.uleb128 0x8
 1078 0409 01       		.uleb128 0x1
 1079 040a 51       		.byte	0x51
 1080 040b 01       		.uleb128 0x1
 1081 040c 31       		.byte	0x31
 1082 040d 00       		.byte	0
 1083 040e 0C       		.uleb128 0xc
 1084 040f 48000000 		.4byte	.LVL40
 1085 0413 7B020000 		.4byte	0x27b
 1086 0417 08       		.uleb128 0x8
 1087 0418 01       		.uleb128 0x1
 1088 0419 50       		.byte	0x50
 1089 041a 01       		.uleb128 0x1
 1090 041b 3C       		.byte	0x3c
 1091 041c 08       		.uleb128 0x8
 1092 041d 01       		.uleb128 0x1
 1093 041e 51       		.byte	0x51
 1094 041f 01       		.uleb128 0x1
 1095 0420 31       		.byte	0x31
 1096 0421 00       		.byte	0
 1097 0422 00       		.byte	0
 1098 0423 0A       		.uleb128 0xa
 1099 0424 4D010000 		.4byte	.LASF24
 1100 0428 01       		.byte	0x1
 1101 0429 A5       		.byte	0xa5
 1102 042a 00000000 		.4byte	.LFB69
 1103 042e 24000000 		.4byte	.LFE69-.LFB69
 1104 0432 01       		.uleb128 0x1
 1105 0433 9C       		.byte	0x9c
 1106 0434 85040000 		.4byte	0x485
 1107 0438 0D       		.uleb128 0xd
 1108 0439 5800     		.ascii	"X\000"
 1109 043b 01       		.byte	0x1
 1110 043c A5       		.byte	0xa5
 1111 043d 2C000000 		.4byte	0x2c
 1112 0441 63000000 		.4byte	.LLST3
 1113 0445 0D       		.uleb128 0xd
 1114 0446 5900     		.ascii	"Y\000"
 1115 0448 01       		.byte	0x1
 1116 0449 A5       		.byte	0xa5
 1117 044a 2C000000 		.4byte	0x2c
 1118 044e 91000000 		.4byte	.LLST4
 1119 0452 0B       		.uleb128 0xb
 1120 0453 35010000 		.4byte	.LASF25
 1121 0457 01       		.byte	0x1
 1122 0458 A5       		.byte	0xa5
 1123 0459 2C000000 		.4byte	0x2c
 1124 045d B3000000 		.4byte	.LLST5
 1125 0461 07       		.uleb128 0x7
 1126 0462 1C000000 		.4byte	.LVL47
 1127 0466 7B020000 		.4byte	0x27b
ARM GAS  C:\Users\ADMINI~1\AppData\Local\Temp\ccOf2E7X.s 			page 25


 1128 046a 74040000 		.4byte	0x474
 1129 046e 08       		.uleb128 0x8
 1130 046f 01       		.uleb128 0x1
 1131 0470 51       		.byte	0x51
 1132 0471 01       		.uleb128 0x1
 1133 0472 31       		.byte	0x31
 1134 0473 00       		.byte	0
 1135 0474 0C       		.uleb128 0xc
 1136 0475 22000000 		.4byte	.LVL48
 1137 0479 CB010000 		.4byte	0x1cb
 1138 047d 08       		.uleb128 0x8
 1139 047e 01       		.uleb128 0x1
 1140 047f 50       		.byte	0x50
 1141 0480 02       		.uleb128 0x2
 1142 0481 74       		.byte	0x74
 1143 0482 00       		.sleb128 0
 1144 0483 00       		.byte	0
 1145 0484 00       		.byte	0
 1146 0485 0E       		.uleb128 0xe
 1147 0486 48010000 		.4byte	.LASF46
 1148 048a 01       		.byte	0x1
 1149 048b 35       		.byte	0x35
 1150 048c 68000000 		.4byte	0x68
 1151 0490 00000000 		.4byte	.LFB63
 1152 0494 2C000000 		.4byte	.LFE63-.LFB63
 1153 0498 01       		.uleb128 0x1
 1154 0499 9C       		.byte	0x9c
 1155 049a 0B050000 		.4byte	0x50b
 1156 049e 0F       		.uleb128 0xf
 1157 049f 6900     		.ascii	"i\000"
 1158 04a1 01       		.byte	0x1
 1159 04a2 37       		.byte	0x37
 1160 04a3 8F000000 		.4byte	0x8f
 1161 04a7 00       		.byte	0
 1162 04a8 09       		.uleb128 0x9
 1163 04a9 06000000 		.4byte	.LVL50
 1164 04ad 3A030000 		.4byte	0x33a
 1165 04b1 07       		.uleb128 0x7
 1166 04b2 0C000000 		.4byte	.LVL51
 1167 04b6 31060000 		.4byte	0x631
 1168 04ba C5040000 		.4byte	0x4c5
 1169 04be 08       		.uleb128 0x8
 1170 04bf 01       		.uleb128 0x1
 1171 04c0 50       		.byte	0x50
 1172 04c1 02       		.uleb128 0x2
 1173 04c2 08       		.byte	0x8
 1174 04c3 32       		.byte	0x32
 1175 04c4 00       		.byte	0
 1176 04c5 07       		.uleb128 0x7
 1177 04c6 16000000 		.4byte	.LVL52
 1178 04ca 23040000 		.4byte	0x423
 1179 04ce E3040000 		.4byte	0x4e3
 1180 04d2 08       		.uleb128 0x8
 1181 04d3 01       		.uleb128 0x1
 1182 04d4 50       		.byte	0x50
 1183 04d5 01       		.uleb128 0x1
 1184 04d6 30       		.byte	0x30
ARM GAS  C:\Users\ADMINI~1\AppData\Local\Temp\ccOf2E7X.s 			page 26


 1185 04d7 08       		.uleb128 0x8
 1186 04d8 01       		.uleb128 0x1
 1187 04d9 51       		.byte	0x51
 1188 04da 01       		.uleb128 0x1
 1189 04db 30       		.byte	0x30
 1190 04dc 08       		.uleb128 0x8
 1191 04dd 01       		.uleb128 0x1
 1192 04de 52       		.byte	0x52
 1193 04df 02       		.uleb128 0x2
 1194 04e0 08       		.byte	0x8
 1195 04e1 31       		.byte	0x31
 1196 04e2 00       		.byte	0
 1197 04e3 07       		.uleb128 0x7
 1198 04e4 1E000000 		.4byte	.LVL53
 1199 04e8 31060000 		.4byte	0x631
 1200 04ec F8040000 		.4byte	0x4f8
 1201 04f0 08       		.uleb128 0x8
 1202 04f1 01       		.uleb128 0x1
 1203 04f2 50       		.byte	0x50
 1204 04f3 03       		.uleb128 0x3
 1205 04f4 0A       		.byte	0xa
 1206 04f5 F401     		.2byte	0x1f4
 1207 04f7 00       		.byte	0
 1208 04f8 09       		.uleb128 0x9
 1209 04f9 22000000 		.4byte	.LVL54
 1210 04fd 3C060000 		.4byte	0x63c
 1211 0501 09       		.uleb128 0x9
 1212 0502 2A000000 		.4byte	.LVL55
 1213 0506 47060000 		.4byte	0x647
 1214 050a 00       		.byte	0
 1215 050b 0A       		.uleb128 0xa
 1216 050c 4D020000 		.4byte	.LASF26
 1217 0510 01       		.byte	0x1
 1218 0511 B1       		.byte	0xb1
 1219 0512 00000000 		.4byte	.LFB70
 1220 0516 2C000000 		.4byte	.LFE70-.LFB70
 1221 051a 01       		.uleb128 0x1
 1222 051b 9C       		.byte	0x9c
 1223 051c 6F050000 		.4byte	0x56f
 1224 0520 0D       		.uleb128 0xd
 1225 0521 5800     		.ascii	"X\000"
 1226 0523 01       		.byte	0x1
 1227 0524 B1       		.byte	0xb1
 1228 0525 2C000000 		.4byte	0x2c
 1229 0529 D4000000 		.4byte	.LLST6
 1230 052d 0D       		.uleb128 0xd
 1231 052e 5900     		.ascii	"Y\000"
 1232 0530 01       		.byte	0x1
 1233 0531 B1       		.byte	0xb1
 1234 0532 2C000000 		.4byte	0x2c
 1235 0536 FD000000 		.4byte	.LLST7
 1236 053a 0B       		.uleb128 0xb
 1237 053b 35010000 		.4byte	.LASF25
 1238 053f 01       		.byte	0x1
 1239 0540 B1       		.byte	0xb1
 1240 0541 A4000000 		.4byte	0xa4
 1241 0545 1B010000 		.4byte	.LLST8
ARM GAS  C:\Users\ADMINI~1\AppData\Local\Temp\ccOf2E7X.s 			page 27


 1242 0549 10       		.uleb128 0x10
 1243 054a 83020000 		.4byte	.LASF27
 1244 054e 01       		.byte	0x1
 1245 054f B3       		.byte	0xb3
 1246 0550 2C000000 		.4byte	0x2c
 1247 0554 39010000 		.4byte	.LLST9
 1248 0558 0C       		.uleb128 0xc
 1249 0559 1C000000 		.4byte	.LVL61
 1250 055d 23040000 		.4byte	0x423
 1251 0561 08       		.uleb128 0x8
 1252 0562 01       		.uleb128 0x1
 1253 0563 50       		.byte	0x50
 1254 0564 02       		.uleb128 0x2
 1255 0565 75       		.byte	0x75
 1256 0566 00       		.sleb128 0
 1257 0567 08       		.uleb128 0x8
 1258 0568 01       		.uleb128 0x1
 1259 0569 51       		.byte	0x51
 1260 056a 02       		.uleb128 0x2
 1261 056b 77       		.byte	0x77
 1262 056c 00       		.sleb128 0
 1263 056d 00       		.byte	0
 1264 056e 00       		.byte	0
 1265 056f 0A       		.uleb128 0xa
 1266 0570 A1020000 		.4byte	.LASF28
 1267 0574 01       		.byte	0x1
 1268 0575 C4       		.byte	0xc4
 1269 0576 00000000 		.4byte	.LFB71
 1270 057a 10000000 		.4byte	.LFE71-.LFB71
 1271 057e 01       		.uleb128 0x1
 1272 057f 9C       		.byte	0x9c
 1273 0580 94050000 		.4byte	0x594
 1274 0584 10       		.uleb128 0x10
 1275 0585 33020000 		.4byte	.LASF29
 1276 0589 01       		.byte	0x1
 1277 058a C6       		.byte	0xc6
 1278 058b 6F000000 		.4byte	0x6f
 1279 058f 63010000 		.4byte	.LLST10
 1280 0593 00       		.byte	0
 1281 0594 0A       		.uleb128 0xa
 1282 0595 6F010000 		.4byte	.LASF30
 1283 0599 01       		.byte	0x1
 1284 059a CB       		.byte	0xcb
 1285 059b 00000000 		.4byte	.LFB72
 1286 059f 1E000000 		.4byte	.LFE72-.LFB72
 1287 05a3 01       		.uleb128 0x1
 1288 05a4 9C       		.byte	0x9c
 1289 05a5 C8050000 		.4byte	0x5c8
 1290 05a9 10       		.uleb128 0x10
 1291 05aa 26000000 		.4byte	.LASF31
 1292 05ae 01       		.byte	0x1
 1293 05af CD       		.byte	0xcd
 1294 05b0 2C000000 		.4byte	0x2c
 1295 05b4 9A010000 		.4byte	.LLST11
 1296 05b8 10       		.uleb128 0x10
 1297 05b9 2F000000 		.4byte	.LASF32
 1298 05bd 01       		.byte	0x1
ARM GAS  C:\Users\ADMINI~1\AppData\Local\Temp\ccOf2E7X.s 			page 28


 1299 05be CE       		.byte	0xce
 1300 05bf 6F000000 		.4byte	0x6f
 1301 05c3 CF010000 		.4byte	.LLST12
 1302 05c7 00       		.byte	0
 1303 05c8 11       		.uleb128 0x11
 1304 05c9 3B010000 		.4byte	.LASF33
 1305 05cd 04       		.byte	0x4
 1306 05ce 1207     		.2byte	0x712
 1307 05d0 D4050000 		.4byte	0x5d4
 1308 05d4 12       		.uleb128 0x12
 1309 05d5 76000000 		.4byte	0x76
 1310 05d9 13       		.uleb128 0x13
 1311 05da 2C000000 		.4byte	0x2c
 1312 05de E9050000 		.4byte	0x5e9
 1313 05e2 14       		.uleb128 0x14
 1314 05e3 96000000 		.4byte	0x96
 1315 05e7 06       		.byte	0x6
 1316 05e8 00       		.byte	0
 1317 05e9 15       		.uleb128 0x15
 1318 05ea 8E020000 		.4byte	.LASF34
 1319 05ee 01       		.byte	0x1
 1320 05ef 32       		.byte	0x32
 1321 05f0 D9050000 		.4byte	0x5d9
 1322 05f4 05       		.uleb128 0x5
 1323 05f5 03       		.byte	0x3
 1324 05f6 00000000 		.4byte	uctech
 1325 05fa 16       		.uleb128 0x16
 1326 05fb 3B020000 		.4byte	.LASF35
 1327 05ff 3B020000 		.4byte	.LASF35
 1328 0603 05       		.byte	0x5
 1329 0604 26       		.byte	0x26
 1330 0605 16       		.uleb128 0x16
 1331 0606 99010000 		.4byte	.LASF36
 1332 060a 99010000 		.4byte	.LASF36
 1333 060e 06       		.byte	0x6
 1334 060f 26       		.byte	0x26
 1335 0610 16       		.uleb128 0x16
 1336 0611 00000000 		.4byte	.LASF37
 1337 0615 00000000 		.4byte	.LASF37
 1338 0619 07       		.byte	0x7
 1339 061a 26       		.byte	0x26
 1340 061b 16       		.uleb128 0x16
 1341 061c B2010000 		.4byte	.LASF38
 1342 0620 B2010000 		.4byte	.LASF38
 1343 0624 08       		.byte	0x8
 1344 0625 29       		.byte	0x29
 1345 0626 16       		.uleb128 0x16
 1346 0627 25010000 		.4byte	.LASF39
 1347 062b 25010000 		.4byte	.LASF39
 1348 062f 08       		.byte	0x8
 1349 0630 26       		.byte	0x26
 1350 0631 16       		.uleb128 0x16
 1351 0632 AA020000 		.4byte	.LASF40
 1352 0636 AA020000 		.4byte	.LASF40
 1353 063a 09       		.byte	0x9
 1354 063b 76       		.byte	0x76
 1355 063c 16       		.uleb128 0x16
ARM GAS  C:\Users\ADMINI~1\AppData\Local\Temp\ccOf2E7X.s 			page 29


 1356 063d 19010000 		.4byte	.LASF41
 1357 0641 19010000 		.4byte	.LASF41
 1358 0645 0A       		.byte	0xa
 1359 0646 29       		.byte	0x29
 1360 0647 16       		.uleb128 0x16
 1361 0648 26020000 		.4byte	.LASF42
 1362 064c 26020000 		.4byte	.LASF42
 1363 0650 0A       		.byte	0xa
 1364 0651 26       		.byte	0x26
 1365 0652 00       		.byte	0
 1366              		.section	.debug_abbrev,"",%progbits
 1367              	.Ldebug_abbrev0:
 1368 0000 01       		.uleb128 0x1
 1369 0001 11       		.uleb128 0x11
 1370 0002 01       		.byte	0x1
 1371 0003 25       		.uleb128 0x25
 1372 0004 0E       		.uleb128 0xe
 1373 0005 13       		.uleb128 0x13
 1374 0006 0B       		.uleb128 0xb
 1375 0007 03       		.uleb128 0x3
 1376 0008 0E       		.uleb128 0xe
 1377 0009 1B       		.uleb128 0x1b
 1378 000a 0E       		.uleb128 0xe
 1379 000b 55       		.uleb128 0x55
 1380 000c 17       		.uleb128 0x17
 1381 000d 11       		.uleb128 0x11
 1382 000e 01       		.uleb128 0x1
 1383 000f 10       		.uleb128 0x10
 1384 0010 17       		.uleb128 0x17
 1385 0011 00       		.byte	0
 1386 0012 00       		.byte	0
 1387 0013 02       		.uleb128 0x2
 1388 0014 24       		.uleb128 0x24
 1389 0015 00       		.byte	0
 1390 0016 0B       		.uleb128 0xb
 1391 0017 0B       		.uleb128 0xb
 1392 0018 3E       		.uleb128 0x3e
 1393 0019 0B       		.uleb128 0xb
 1394 001a 03       		.uleb128 0x3
 1395 001b 0E       		.uleb128 0xe
 1396 001c 00       		.byte	0
 1397 001d 00       		.byte	0
 1398 001e 03       		.uleb128 0x3
 1399 001f 16       		.uleb128 0x16
 1400 0020 00       		.byte	0
 1401 0021 03       		.uleb128 0x3
 1402 0022 0E       		.uleb128 0xe
 1403 0023 3A       		.uleb128 0x3a
 1404 0024 0B       		.uleb128 0xb
 1405 0025 3B       		.uleb128 0x3b
 1406 0026 0B       		.uleb128 0xb
 1407 0027 49       		.uleb128 0x49
 1408 0028 13       		.uleb128 0x13
 1409 0029 00       		.byte	0
 1410 002a 00       		.byte	0
 1411 002b 04       		.uleb128 0x4
 1412 002c 24       		.uleb128 0x24
ARM GAS  C:\Users\ADMINI~1\AppData\Local\Temp\ccOf2E7X.s 			page 30


 1413 002d 00       		.byte	0
 1414 002e 0B       		.uleb128 0xb
 1415 002f 0B       		.uleb128 0xb
 1416 0030 3E       		.uleb128 0x3e
 1417 0031 0B       		.uleb128 0xb
 1418 0032 03       		.uleb128 0x3
 1419 0033 08       		.uleb128 0x8
 1420 0034 00       		.byte	0
 1421 0035 00       		.byte	0
 1422 0036 05       		.uleb128 0x5
 1423 0037 0F       		.uleb128 0xf
 1424 0038 00       		.byte	0
 1425 0039 0B       		.uleb128 0xb
 1426 003a 0B       		.uleb128 0xb
 1427 003b 49       		.uleb128 0x49
 1428 003c 13       		.uleb128 0x13
 1429 003d 00       		.byte	0
 1430 003e 00       		.byte	0
 1431 003f 06       		.uleb128 0x6
 1432 0040 2E       		.uleb128 0x2e
 1433 0041 01       		.byte	0x1
 1434 0042 3F       		.uleb128 0x3f
 1435 0043 19       		.uleb128 0x19
 1436 0044 03       		.uleb128 0x3
 1437 0045 0E       		.uleb128 0xe
 1438 0046 3A       		.uleb128 0x3a
 1439 0047 0B       		.uleb128 0xb
 1440 0048 3B       		.uleb128 0x3b
 1441 0049 0B       		.uleb128 0xb
 1442 004a 27       		.uleb128 0x27
 1443 004b 19       		.uleb128 0x19
 1444 004c 49       		.uleb128 0x49
 1445 004d 13       		.uleb128 0x13
 1446 004e 11       		.uleb128 0x11
 1447 004f 01       		.uleb128 0x1
 1448 0050 12       		.uleb128 0x12
 1449 0051 06       		.uleb128 0x6
 1450 0052 40       		.uleb128 0x40
 1451 0053 18       		.uleb128 0x18
 1452 0054 9742     		.uleb128 0x2117
 1453 0056 19       		.uleb128 0x19
 1454 0057 01       		.uleb128 0x1
 1455 0058 13       		.uleb128 0x13
 1456 0059 00       		.byte	0
 1457 005a 00       		.byte	0
 1458 005b 07       		.uleb128 0x7
 1459 005c 898201   		.uleb128 0x4109
 1460 005f 01       		.byte	0x1
 1461 0060 11       		.uleb128 0x11
 1462 0061 01       		.uleb128 0x1
 1463 0062 31       		.uleb128 0x31
 1464 0063 13       		.uleb128 0x13
 1465 0064 01       		.uleb128 0x1
 1466 0065 13       		.uleb128 0x13
 1467 0066 00       		.byte	0
 1468 0067 00       		.byte	0
 1469 0068 08       		.uleb128 0x8
ARM GAS  C:\Users\ADMINI~1\AppData\Local\Temp\ccOf2E7X.s 			page 31


 1470 0069 8A8201   		.uleb128 0x410a
 1471 006c 00       		.byte	0
 1472 006d 02       		.uleb128 0x2
 1473 006e 18       		.uleb128 0x18
 1474 006f 9142     		.uleb128 0x2111
 1475 0071 18       		.uleb128 0x18
 1476 0072 00       		.byte	0
 1477 0073 00       		.byte	0
 1478 0074 09       		.uleb128 0x9
 1479 0075 898201   		.uleb128 0x4109
 1480 0078 00       		.byte	0
 1481 0079 11       		.uleb128 0x11
 1482 007a 01       		.uleb128 0x1
 1483 007b 31       		.uleb128 0x31
 1484 007c 13       		.uleb128 0x13
 1485 007d 00       		.byte	0
 1486 007e 00       		.byte	0
 1487 007f 0A       		.uleb128 0xa
 1488 0080 2E       		.uleb128 0x2e
 1489 0081 01       		.byte	0x1
 1490 0082 3F       		.uleb128 0x3f
 1491 0083 19       		.uleb128 0x19
 1492 0084 03       		.uleb128 0x3
 1493 0085 0E       		.uleb128 0xe
 1494 0086 3A       		.uleb128 0x3a
 1495 0087 0B       		.uleb128 0xb
 1496 0088 3B       		.uleb128 0x3b
 1497 0089 0B       		.uleb128 0xb
 1498 008a 27       		.uleb128 0x27
 1499 008b 19       		.uleb128 0x19
 1500 008c 11       		.uleb128 0x11
 1501 008d 01       		.uleb128 0x1
 1502 008e 12       		.uleb128 0x12
 1503 008f 06       		.uleb128 0x6
 1504 0090 40       		.uleb128 0x40
 1505 0091 18       		.uleb128 0x18
 1506 0092 9742     		.uleb128 0x2117
 1507 0094 19       		.uleb128 0x19
 1508 0095 01       		.uleb128 0x1
 1509 0096 13       		.uleb128 0x13
 1510 0097 00       		.byte	0
 1511 0098 00       		.byte	0
 1512 0099 0B       		.uleb128 0xb
 1513 009a 05       		.uleb128 0x5
 1514 009b 00       		.byte	0
 1515 009c 03       		.uleb128 0x3
 1516 009d 0E       		.uleb128 0xe
 1517 009e 3A       		.uleb128 0x3a
 1518 009f 0B       		.uleb128 0xb
 1519 00a0 3B       		.uleb128 0x3b
 1520 00a1 0B       		.uleb128 0xb
 1521 00a2 49       		.uleb128 0x49
 1522 00a3 13       		.uleb128 0x13
 1523 00a4 02       		.uleb128 0x2
 1524 00a5 17       		.uleb128 0x17
 1525 00a6 00       		.byte	0
 1526 00a7 00       		.byte	0
ARM GAS  C:\Users\ADMINI~1\AppData\Local\Temp\ccOf2E7X.s 			page 32


 1527 00a8 0C       		.uleb128 0xc
 1528 00a9 898201   		.uleb128 0x4109
 1529 00ac 01       		.byte	0x1
 1530 00ad 11       		.uleb128 0x11
 1531 00ae 01       		.uleb128 0x1
 1532 00af 31       		.uleb128 0x31
 1533 00b0 13       		.uleb128 0x13
 1534 00b1 00       		.byte	0
 1535 00b2 00       		.byte	0
 1536 00b3 0D       		.uleb128 0xd
 1537 00b4 05       		.uleb128 0x5
 1538 00b5 00       		.byte	0
 1539 00b6 03       		.uleb128 0x3
 1540 00b7 08       		.uleb128 0x8
 1541 00b8 3A       		.uleb128 0x3a
 1542 00b9 0B       		.uleb128 0xb
 1543 00ba 3B       		.uleb128 0x3b
 1544 00bb 0B       		.uleb128 0xb
 1545 00bc 49       		.uleb128 0x49
 1546 00bd 13       		.uleb128 0x13
 1547 00be 02       		.uleb128 0x2
 1548 00bf 17       		.uleb128 0x17
 1549 00c0 00       		.byte	0
 1550 00c1 00       		.byte	0
 1551 00c2 0E       		.uleb128 0xe
 1552 00c3 2E       		.uleb128 0x2e
 1553 00c4 01       		.byte	0x1
 1554 00c5 3F       		.uleb128 0x3f
 1555 00c6 19       		.uleb128 0x19
 1556 00c7 03       		.uleb128 0x3
 1557 00c8 0E       		.uleb128 0xe
 1558 00c9 3A       		.uleb128 0x3a
 1559 00ca 0B       		.uleb128 0xb
 1560 00cb 3B       		.uleb128 0x3b
 1561 00cc 0B       		.uleb128 0xb
 1562 00cd 27       		.uleb128 0x27
 1563 00ce 19       		.uleb128 0x19
 1564 00cf 49       		.uleb128 0x49
 1565 00d0 13       		.uleb128 0x13
 1566 00d1 8701     		.uleb128 0x87
 1567 00d3 19       		.uleb128 0x19
 1568 00d4 11       		.uleb128 0x11
 1569 00d5 01       		.uleb128 0x1
 1570 00d6 12       		.uleb128 0x12
 1571 00d7 06       		.uleb128 0x6
 1572 00d8 40       		.uleb128 0x40
 1573 00d9 18       		.uleb128 0x18
 1574 00da 9742     		.uleb128 0x2117
 1575 00dc 19       		.uleb128 0x19
 1576 00dd 01       		.uleb128 0x1
 1577 00de 13       		.uleb128 0x13
 1578 00df 00       		.byte	0
 1579 00e0 00       		.byte	0
 1580 00e1 0F       		.uleb128 0xf
 1581 00e2 34       		.uleb128 0x34
 1582 00e3 00       		.byte	0
 1583 00e4 03       		.uleb128 0x3
ARM GAS  C:\Users\ADMINI~1\AppData\Local\Temp\ccOf2E7X.s 			page 33


 1584 00e5 08       		.uleb128 0x8
 1585 00e6 3A       		.uleb128 0x3a
 1586 00e7 0B       		.uleb128 0xb
 1587 00e8 3B       		.uleb128 0x3b
 1588 00e9 0B       		.uleb128 0xb
 1589 00ea 49       		.uleb128 0x49
 1590 00eb 13       		.uleb128 0x13
 1591 00ec 1C       		.uleb128 0x1c
 1592 00ed 0B       		.uleb128 0xb
 1593 00ee 00       		.byte	0
 1594 00ef 00       		.byte	0
 1595 00f0 10       		.uleb128 0x10
 1596 00f1 34       		.uleb128 0x34
 1597 00f2 00       		.byte	0
 1598 00f3 03       		.uleb128 0x3
 1599 00f4 0E       		.uleb128 0xe
 1600 00f5 3A       		.uleb128 0x3a
 1601 00f6 0B       		.uleb128 0xb
 1602 00f7 3B       		.uleb128 0x3b
 1603 00f8 0B       		.uleb128 0xb
 1604 00f9 49       		.uleb128 0x49
 1605 00fa 13       		.uleb128 0x13
 1606 00fb 02       		.uleb128 0x2
 1607 00fc 17       		.uleb128 0x17
 1608 00fd 00       		.byte	0
 1609 00fe 00       		.byte	0
 1610 00ff 11       		.uleb128 0x11
 1611 0100 34       		.uleb128 0x34
 1612 0101 00       		.byte	0
 1613 0102 03       		.uleb128 0x3
 1614 0103 0E       		.uleb128 0xe
 1615 0104 3A       		.uleb128 0x3a
 1616 0105 0B       		.uleb128 0xb
 1617 0106 3B       		.uleb128 0x3b
 1618 0107 05       		.uleb128 0x5
 1619 0108 49       		.uleb128 0x49
 1620 0109 13       		.uleb128 0x13
 1621 010a 3F       		.uleb128 0x3f
 1622 010b 19       		.uleb128 0x19
 1623 010c 3C       		.uleb128 0x3c
 1624 010d 19       		.uleb128 0x19
 1625 010e 00       		.byte	0
 1626 010f 00       		.byte	0
 1627 0110 12       		.uleb128 0x12
 1628 0111 35       		.uleb128 0x35
 1629 0112 00       		.byte	0
 1630 0113 49       		.uleb128 0x49
 1631 0114 13       		.uleb128 0x13
 1632 0115 00       		.byte	0
 1633 0116 00       		.byte	0
 1634 0117 13       		.uleb128 0x13
 1635 0118 01       		.uleb128 0x1
 1636 0119 01       		.byte	0x1
 1637 011a 49       		.uleb128 0x49
 1638 011b 13       		.uleb128 0x13
 1639 011c 01       		.uleb128 0x1
 1640 011d 13       		.uleb128 0x13
ARM GAS  C:\Users\ADMINI~1\AppData\Local\Temp\ccOf2E7X.s 			page 34


 1641 011e 00       		.byte	0
 1642 011f 00       		.byte	0
 1643 0120 14       		.uleb128 0x14
 1644 0121 21       		.uleb128 0x21
 1645 0122 00       		.byte	0
 1646 0123 49       		.uleb128 0x49
 1647 0124 13       		.uleb128 0x13
 1648 0125 2F       		.uleb128 0x2f
 1649 0126 0B       		.uleb128 0xb
 1650 0127 00       		.byte	0
 1651 0128 00       		.byte	0
 1652 0129 15       		.uleb128 0x15
 1653 012a 34       		.uleb128 0x34
 1654 012b 00       		.byte	0
 1655 012c 03       		.uleb128 0x3
 1656 012d 0E       		.uleb128 0xe
 1657 012e 3A       		.uleb128 0x3a
 1658 012f 0B       		.uleb128 0xb
 1659 0130 3B       		.uleb128 0x3b
 1660 0131 0B       		.uleb128 0xb
 1661 0132 49       		.uleb128 0x49
 1662 0133 13       		.uleb128 0x13
 1663 0134 3F       		.uleb128 0x3f
 1664 0135 19       		.uleb128 0x19
 1665 0136 02       		.uleb128 0x2
 1666 0137 18       		.uleb128 0x18
 1667 0138 00       		.byte	0
 1668 0139 00       		.byte	0
 1669 013a 16       		.uleb128 0x16
 1670 013b 2E       		.uleb128 0x2e
 1671 013c 00       		.byte	0
 1672 013d 3F       		.uleb128 0x3f
 1673 013e 19       		.uleb128 0x19
 1674 013f 3C       		.uleb128 0x3c
 1675 0140 19       		.uleb128 0x19
 1676 0141 6E       		.uleb128 0x6e
 1677 0142 0E       		.uleb128 0xe
 1678 0143 03       		.uleb128 0x3
 1679 0144 0E       		.uleb128 0xe
 1680 0145 3A       		.uleb128 0x3a
 1681 0146 0B       		.uleb128 0xb
 1682 0147 3B       		.uleb128 0x3b
 1683 0148 0B       		.uleb128 0xb
 1684 0149 00       		.byte	0
 1685 014a 00       		.byte	0
 1686 014b 00       		.byte	0
 1687              		.section	.debug_loc,"",%progbits
 1688              	.Ldebug_loc0:
 1689              	.LLST0:
 1690 0000 00000000 		.4byte	.LVL14
 1691 0004 07000000 		.4byte	.LVL15-1
 1692 0008 0100     		.2byte	0x1
 1693 000a 50       		.byte	0x50
 1694 000b 07000000 		.4byte	.LVL15-1
 1695 000f 34000000 		.4byte	.LFE64
 1696 0013 0400     		.2byte	0x4
 1697 0015 F3       		.byte	0xf3
ARM GAS  C:\Users\ADMINI~1\AppData\Local\Temp\ccOf2E7X.s 			page 35


 1698 0016 01       		.uleb128 0x1
 1699 0017 50       		.byte	0x50
 1700 0018 9F       		.byte	0x9f
 1701 0019 00000000 		.4byte	0
 1702 001d 00000000 		.4byte	0
 1703              	.LLST1:
 1704 0021 00000000 		.4byte	.LVL23
 1705 0025 09000000 		.4byte	.LVL24-1
 1706 0029 0100     		.2byte	0x1
 1707 002b 50       		.byte	0x50
 1708 002c 09000000 		.4byte	.LVL24-1
 1709 0030 36000000 		.4byte	.LFE65
 1710 0034 0400     		.2byte	0x4
 1711 0036 F3       		.byte	0xf3
 1712 0037 01       		.uleb128 0x1
 1713 0038 50       		.byte	0x50
 1714 0039 9F       		.byte	0x9f
 1715 003a 00000000 		.4byte	0
 1716 003e 00000000 		.4byte	0
 1717              	.LLST2:
 1718 0042 00000000 		.4byte	.LVL23
 1719 0046 09000000 		.4byte	.LVL24-1
 1720 004a 0100     		.2byte	0x1
 1721 004c 51       		.byte	0x51
 1722 004d 09000000 		.4byte	.LVL24-1
 1723 0051 36000000 		.4byte	.LFE65
 1724 0055 0400     		.2byte	0x4
 1725 0057 F3       		.byte	0xf3
 1726 0058 01       		.uleb128 0x1
 1727 0059 51       		.byte	0x51
 1728 005a 9F       		.byte	0x9f
 1729 005b 00000000 		.4byte	0
 1730 005f 00000000 		.4byte	0
 1731              	.LLST3:
 1732 0063 00000000 		.4byte	.LVL41
 1733 0067 08000000 		.4byte	.LVL43
 1734 006b 0100     		.2byte	0x1
 1735 006d 50       		.byte	0x50
 1736 006e 08000000 		.4byte	.LVL43
 1737 0072 12000000 		.4byte	.LVL44
 1738 0076 0100     		.2byte	0x1
 1739 0078 50       		.byte	0x50
 1740 0079 12000000 		.4byte	.LVL44
 1741 007d 18000000 		.4byte	.LVL46
 1742 0081 0600     		.2byte	0x6
 1743 0083 70       		.byte	0x70
 1744 0084 00       		.sleb128 0
 1745 0085 08       		.byte	0x8
 1746 0086 80       		.byte	0x80
 1747 0087 21       		.byte	0x21
 1748 0088 9F       		.byte	0x9f
 1749 0089 00000000 		.4byte	0
 1750 008d 00000000 		.4byte	0
 1751              	.LLST4:
 1752 0091 00000000 		.4byte	.LVL41
 1753 0095 04000000 		.4byte	.LVL42
 1754 0099 0100     		.2byte	0x1
ARM GAS  C:\Users\ADMINI~1\AppData\Local\Temp\ccOf2E7X.s 			page 36


 1755 009b 51       		.byte	0x51
 1756 009c 04000000 		.4byte	.LVL42
 1757 00a0 14000000 		.4byte	.LVL45
 1758 00a4 0500     		.2byte	0x5
 1759 00a6 71       		.byte	0x71
 1760 00a7 00       		.sleb128 0
 1761 00a8 31       		.byte	0x31
 1762 00a9 1A       		.byte	0x1a
 1763 00aa 9F       		.byte	0x9f
 1764 00ab 00000000 		.4byte	0
 1765 00af 00000000 		.4byte	0
 1766              	.LLST5:
 1767 00b3 00000000 		.4byte	.LVL41
 1768 00b7 1B000000 		.4byte	.LVL47-1
 1769 00bb 0100     		.2byte	0x1
 1770 00bd 52       		.byte	0x52
 1771 00be 1B000000 		.4byte	.LVL47-1
 1772 00c2 24000000 		.4byte	.LFE69
 1773 00c6 0400     		.2byte	0x4
 1774 00c8 F3       		.byte	0xf3
 1775 00c9 01       		.uleb128 0x1
 1776 00ca 52       		.byte	0x52
 1777 00cb 9F       		.byte	0x9f
 1778 00cc 00000000 		.4byte	0
 1779 00d0 00000000 		.4byte	0
 1780              	.LLST6:
 1781 00d4 00000000 		.4byte	.LVL56
 1782 00d8 0C000000 		.4byte	.LVL59
 1783 00dc 0100     		.2byte	0x1
 1784 00de 50       		.byte	0x50
 1785 00df 0C000000 		.4byte	.LVL59
 1786 00e3 22000000 		.4byte	.LVL64
 1787 00e7 0100     		.2byte	0x1
 1788 00e9 55       		.byte	0x55
 1789 00ea 24000000 		.4byte	.LVL65
 1790 00ee 2C000000 		.4byte	.LFE70
 1791 00f2 0100     		.2byte	0x1
 1792 00f4 55       		.byte	0x55
 1793 00f5 00000000 		.4byte	0
 1794 00f9 00000000 		.4byte	0
 1795              	.LLST7:
 1796 00fd 00000000 		.4byte	.LVL56
 1797 0101 08000000 		.4byte	.LVL58
 1798 0105 0100     		.2byte	0x1
 1799 0107 51       		.byte	0x51
 1800 0108 08000000 		.4byte	.LVL58
 1801 010c 2C000000 		.4byte	.LFE70
 1802 0110 0100     		.2byte	0x1
 1803 0112 57       		.byte	0x57
 1804 0113 00000000 		.4byte	0
 1805 0117 00000000 		.4byte	0
 1806              	.LLST8:
 1807 011b 00000000 		.4byte	.LVL56
 1808 011f 10000000 		.4byte	.LVL60
 1809 0123 0100     		.2byte	0x1
 1810 0125 52       		.byte	0x52
 1811 0126 10000000 		.4byte	.LVL60
ARM GAS  C:\Users\ADMINI~1\AppData\Local\Temp\ccOf2E7X.s 			page 37


 1812 012a 2C000000 		.4byte	.LFE70
 1813 012e 0100     		.2byte	0x1
 1814 0130 56       		.byte	0x56
 1815 0131 00000000 		.4byte	0
 1816 0135 00000000 		.4byte	0
 1817              	.LLST9:
 1818 0139 04000000 		.4byte	.LVL57
 1819 013d 10000000 		.4byte	.LVL60
 1820 0141 0200     		.2byte	0x2
 1821 0143 30       		.byte	0x30
 1822 0144 9F       		.byte	0x9f
 1823 0145 10000000 		.4byte	.LVL60
 1824 0149 1E000000 		.4byte	.LVL62
 1825 014d 0100     		.2byte	0x1
 1826 014f 54       		.byte	0x54
 1827 0150 20000000 		.4byte	.LVL63
 1828 0154 2C000000 		.4byte	.LFE70
 1829 0158 0100     		.2byte	0x1
 1830 015a 54       		.byte	0x54
 1831 015b 00000000 		.4byte	0
 1832 015f 00000000 		.4byte	0
 1833              	.LLST10:
 1834 0163 00000000 		.4byte	.LVL66
 1835 0167 06000000 		.4byte	.LVL67
 1836 016b 0400     		.2byte	0x4
 1837 016d 0A       		.byte	0xa
 1838 016e B015     		.2byte	0x15b0
 1839 0170 9F       		.byte	0x9f
 1840 0171 06000000 		.4byte	.LVL67
 1841 0175 08000000 		.4byte	.LVL68
 1842 0179 0100     		.2byte	0x1
 1843 017b 52       		.byte	0x52
 1844 017c 08000000 		.4byte	.LVL68
 1845 0180 0A000000 		.4byte	.LVL69
 1846 0184 0100     		.2byte	0x1
 1847 0186 53       		.byte	0x53
 1848 0187 0A000000 		.4byte	.LVL69
 1849 018b 10000000 		.4byte	.LFE71
 1850 018f 0100     		.2byte	0x1
 1851 0191 52       		.byte	0x52
 1852 0192 00000000 		.4byte	0
 1853 0196 00000000 		.4byte	0
 1854              	.LLST11:
 1855 019a 00000000 		.4byte	.LVL70
 1856 019e 04000000 		.4byte	.LVL71
 1857 01a2 0200     		.2byte	0x2
 1858 01a4 35       		.byte	0x35
 1859 01a5 9F       		.byte	0x9f
 1860 01a6 04000000 		.4byte	.LVL71
 1861 01aa 14000000 		.4byte	.LVL75
 1862 01ae 0100     		.2byte	0x1
 1863 01b0 51       		.byte	0x51
 1864 01b1 14000000 		.4byte	.LVL75
 1865 01b5 18000000 		.4byte	.LVL76
 1866 01b9 0100     		.2byte	0x1
 1867 01bb 52       		.byte	0x52
 1868 01bc 18000000 		.4byte	.LVL76
ARM GAS  C:\Users\ADMINI~1\AppData\Local\Temp\ccOf2E7X.s 			page 38


 1869 01c0 1E000000 		.4byte	.LFE72
 1870 01c4 0100     		.2byte	0x1
 1871 01c6 51       		.byte	0x51
 1872 01c7 00000000 		.4byte	0
 1873 01cb 00000000 		.4byte	0
 1874              	.LLST12:
 1875 01cf 04000000 		.4byte	.LVL71
 1876 01d3 08000000 		.4byte	.LVL72
 1877 01d7 0100     		.2byte	0x1
 1878 01d9 52       		.byte	0x52
 1879 01da 0C000000 		.4byte	.LVL73
 1880 01de 0E000000 		.4byte	.LVL74
 1881 01e2 0100     		.2byte	0x1
 1882 01e4 53       		.byte	0x53
 1883 01e5 0E000000 		.4byte	.LVL74
 1884 01e9 14000000 		.4byte	.LVL75
 1885 01ed 0100     		.2byte	0x1
 1886 01ef 52       		.byte	0x52
 1887 01f0 00000000 		.4byte	0
 1888 01f4 00000000 		.4byte	0
 1889              		.section	.debug_aranges,"",%progbits
 1890 0000 64000000 		.4byte	0x64
 1891 0004 0200     		.2byte	0x2
 1892 0006 00000000 		.4byte	.Ldebug_info0
 1893 000a 04       		.byte	0x4
 1894 000b 00       		.byte	0
 1895 000c 0000     		.2byte	0
 1896 000e 0000     		.2byte	0
 1897 0010 00000000 		.4byte	.LFB66
 1898 0014 26000000 		.4byte	.LFE66-.LFB66
 1899 0018 00000000 		.4byte	.LFB67
 1900 001c 36000000 		.4byte	.LFE67-.LFB67
 1901 0020 00000000 		.4byte	.LFB64
 1902 0024 34000000 		.4byte	.LFE64-.LFB64
 1903 0028 00000000 		.4byte	.LFB65
 1904 002c 36000000 		.4byte	.LFE65-.LFB65
 1905 0030 00000000 		.4byte	.LFB68
 1906 0034 4A000000 		.4byte	.LFE68-.LFB68
 1907 0038 00000000 		.4byte	.LFB69
 1908 003c 24000000 		.4byte	.LFE69-.LFB69
 1909 0040 00000000 		.4byte	.LFB63
 1910 0044 2C000000 		.4byte	.LFE63-.LFB63
 1911 0048 00000000 		.4byte	.LFB70
 1912 004c 2C000000 		.4byte	.LFE70-.LFB70
 1913 0050 00000000 		.4byte	.LFB71
 1914 0054 10000000 		.4byte	.LFE71-.LFB71
 1915 0058 00000000 		.4byte	.LFB72
 1916 005c 1E000000 		.4byte	.LFE72-.LFB72
 1917 0060 00000000 		.4byte	0
 1918 0064 00000000 		.4byte	0
 1919              		.section	.debug_ranges,"",%progbits
 1920              	.Ldebug_ranges0:
 1921 0000 00000000 		.4byte	.LFB66
 1922 0004 26000000 		.4byte	.LFE66
 1923 0008 00000000 		.4byte	.LFB67
 1924 000c 36000000 		.4byte	.LFE67
 1925 0010 00000000 		.4byte	.LFB64
ARM GAS  C:\Users\ADMINI~1\AppData\Local\Temp\ccOf2E7X.s 			page 39


 1926 0014 34000000 		.4byte	.LFE64
 1927 0018 00000000 		.4byte	.LFB65
 1928 001c 36000000 		.4byte	.LFE65
 1929 0020 00000000 		.4byte	.LFB68
 1930 0024 4A000000 		.4byte	.LFE68
 1931 0028 00000000 		.4byte	.LFB69
 1932 002c 24000000 		.4byte	.LFE69
 1933 0030 00000000 		.4byte	.LFB63
 1934 0034 2C000000 		.4byte	.LFE63
 1935 0038 00000000 		.4byte	.LFB70
 1936 003c 2C000000 		.4byte	.LFE70
 1937 0040 00000000 		.4byte	.LFB71
 1938 0044 10000000 		.4byte	.LFE71
 1939 0048 00000000 		.4byte	.LFB72
 1940 004c 1E000000 		.4byte	.LFE72
 1941 0050 00000000 		.4byte	0
 1942 0054 00000000 		.4byte	0
 1943              		.section	.debug_line,"",%progbits
 1944              	.Ldebug_line0:
 1945 0000 9A020000 		.section	.debug_str,"MS",%progbits,1
 1945      02007F01 
 1945      00000201 
 1945      FB0E0D00 
 1945      01010101 
 1946              	.LASF37:
 1947 0000 50696E45 		.ascii	"PinEn_Write\000"
 1947      6E5F5772 
 1947      69746500 
 1948              	.LASF19:
 1949 000c 57726974 		.ascii	"WriteCommandLCD\000"
 1949      65436F6D 
 1949      6D616E64 
 1949      4C434400 
 1950              	.LASF9:
 1951 001c 5F5F696E 		.ascii	"__int32_t\000"
 1951      7433325F 
 1951      7400
 1952              	.LASF31:
 1953 0026 54656D70 		.ascii	"TempCycA\000"
 1953      43796341 
 1953      00
 1954              	.LASF32:
 1955 002f 54656D70 		.ascii	"TempCycB\000"
 1955      43796342 
 1955      00
 1956              	.LASF10:
 1957 0038 696E7433 		.ascii	"int32_t\000"
 1957      325F7400 
 1958              	.LASF22:
 1959 0040 42757973 		.ascii	"BuysC\000"
 1959      4300
 1960              	.LASF11:
 1961 0046 666C6F61 		.ascii	"float\000"
 1961      7400
 1962              	.LASF1:
 1963 004c 756E7369 		.ascii	"unsigned char\000"
 1963      676E6564 
ARM GAS  C:\Users\ADMINI~1\AppData\Local\Temp\ccOf2E7X.s 			page 40


 1963      20636861 
 1963      7200
 1964              	.LASF43:
 1965 005a 474E5520 		.ascii	"GNU C11 5.4.1 20160609 (release) [ARM/embedded-5-br"
 1965      43313120 
 1965      352E342E 
 1965      31203230 
 1965      31363036 
 1966 008d 616E6368 		.ascii	"anch revision 237715] -mcpu=cortex-m3 -mthumb -g -O"
 1966      20726576 
 1966      6973696F 
 1966      6E203233 
 1966      37373135 
 1967 00c0 67202D66 		.ascii	"g -ffunction-sections -ffat-lto-objects\000"
 1967      66756E63 
 1967      74696F6E 
 1967      2D736563 
 1967      74696F6E 
 1968              	.LASF5:
 1969 00e8 6C6F6E67 		.ascii	"long unsigned int\000"
 1969      20756E73 
 1969      69676E65 
 1969      6420696E 
 1969      7400
 1970              	.LASF3:
 1971 00fa 73686F72 		.ascii	"short unsigned int\000"
 1971      7420756E 
 1971      7369676E 
 1971      65642069 
 1971      6E7400
 1972              	.LASF16:
 1973 010d 52656164 		.ascii	"ReadDataLCD\000"
 1973      44617461 
 1973      4C434400 
 1974              	.LASF41:
 1975 0119 4C656E52 		.ascii	"LenRun_Read\000"
 1975      756E5F52 
 1975      65616400 
 1976              	.LASF39:
 1977 0125 44425F57 		.ascii	"DB_Write\000"
 1977      72697465 
 1977      00
 1978              	.LASF12:
 1979 012e 646F7562 		.ascii	"double\000"
 1979      6C6500
 1980              	.LASF25:
 1981 0135 44446174 		.ascii	"DData\000"
 1981      6100
 1982              	.LASF33:
 1983 013b 49544D5F 		.ascii	"ITM_RxBuffer\000"
 1983      52784275 
 1983      66666572 
 1983      00
 1984              	.LASF46:
 1985 0148 6D61696E 		.ascii	"main\000"
 1985      00
 1986              	.LASF24:
ARM GAS  C:\Users\ADMINI~1\AppData\Local\Temp\ccOf2E7X.s 			page 41


 1987 014d 44697370 		.ascii	"DisplayOneChar\000"
 1987      6C61794F 
 1987      6E654368 
 1987      617200
 1988              	.LASF21:
 1989 015c 57434C43 		.ascii	"WCLCD\000"
 1989      4400
 1990              	.LASF8:
 1991 0162 756E7369 		.ascii	"unsigned int\000"
 1991      676E6564 
 1991      20696E74 
 1991      00
 1992              	.LASF30:
 1993 016f 44656C61 		.ascii	"Delay400Ms\000"
 1993      79343030 
 1993      4D7300
 1994              	.LASF7:
 1995 017a 6C6F6E67 		.ascii	"long long unsigned int\000"
 1995      206C6F6E 
 1995      6720756E 
 1995      7369676E 
 1995      65642069 
 1996              	.LASF23:
 1997 0191 4C434449 		.ascii	"LCDInit\000"
 1997      6E697400 
 1998              	.LASF36:
 1999 0199 50696E52 		.ascii	"PinRW_Write\000"
 1999      575F5772 
 1999      69746500 
 2000              	.LASF18:
 2001 01a5 57726974 		.ascii	"WriteDataLCD\000"
 2001      65446174 
 2001      614C4344 
 2001      00
 2002              	.LASF38:
 2003 01b2 44425F52 		.ascii	"DB_Read\000"
 2003      65616400 
 2004              	.LASF15:
 2005 01ba 6C6F6E67 		.ascii	"long double\000"
 2005      20646F75 
 2005      626C6500 
 2006              	.LASF45:
 2007 01c6 443A5C30 		.ascii	"D:\\01_Xilinx_FPGA\\1908_IIC_slave_PSoC\\190816_LCD"
 2007      315F5869 
 2007      6C696E78 
 2007      5F465047 
 2007      415C3139 
 2008 01f6 5C313930 		.ascii	"\\190816_LCD.cydsn\000"
 2008      3831365F 
 2008      4C43442E 
 2008      63796473 
 2008      6E00
 2009              	.LASF14:
 2010 0208 73697A65 		.ascii	"sizetype\000"
 2010      74797065 
 2010      00
 2011              	.LASF6:
ARM GAS  C:\Users\ADMINI~1\AppData\Local\Temp\ccOf2E7X.s 			page 42


 2012 0211 6C6F6E67 		.ascii	"long long int\000"
 2012      206C6F6E 
 2012      6720696E 
 2012      7400
 2013              	.LASF44:
 2014 021f 6D61696E 		.ascii	"main.c\000"
 2014      2E6300
 2015              	.LASF42:
 2016 0226 4C656E52 		.ascii	"LenRun_Write\000"
 2016      756E5F57 
 2016      72697465 
 2016      00
 2017              	.LASF29:
 2018 0233 54656D70 		.ascii	"TempCyc\000"
 2018      43796300 
 2019              	.LASF35:
 2020 023b 50696E52 		.ascii	"PinRS_Write\000"
 2020      535F5772 
 2020      69746500 
 2021              	.LASF20:
 2022 0247 57444C43 		.ascii	"WDLCD\000"
 2022      4400
 2023              	.LASF26:
 2024 024d 44697370 		.ascii	"DisplayListChar\000"
 2024      6C61794C 
 2024      69737443 
 2024      68617200 
 2025              	.LASF2:
 2026 025d 73686F72 		.ascii	"short int\000"
 2026      7420696E 
 2026      7400
 2027              	.LASF17:
 2028 0267 52656164 		.ascii	"ReadStatusLCD\000"
 2028      53746174 
 2028      75734C43 
 2028      4400
 2029              	.LASF4:
 2030 0275 6C6F6E67 		.ascii	"long int\000"
 2030      20696E74 
 2030      00
 2031              	.LASF13:
 2032 027e 63686172 		.ascii	"char\000"
 2032      00
 2033              	.LASF27:
 2034 0283 4C697374 		.ascii	"ListLength\000"
 2034      4C656E67 
 2034      746800
 2035              	.LASF34:
 2036 028e 75637465 		.ascii	"uctech\000"
 2036      636800
 2037              	.LASF0:
 2038 0295 7369676E 		.ascii	"signed char\000"
 2038      65642063 
 2038      68617200 
 2039              	.LASF28:
 2040 02a1 44656C61 		.ascii	"Delay5Ms\000"
 2040      79354D73 
ARM GAS  C:\Users\ADMINI~1\AppData\Local\Temp\ccOf2E7X.s 			page 43


 2040      00
 2041              	.LASF40:
 2042 02aa 43794465 		.ascii	"CyDelay\000"
 2042      6C617900 
 2043              		.ident	"GCC: (GNU Tools for ARM Embedded Processors) 5.4.1 20160609 (release) [ARM/embedded-5-bran
